This is pdfTeX, Version 3.14159265-2.6-1.40.19 (TeX Live 2018/W32TeX) (preloaded format=pdflatex 2018.11.21)  11 JAN 2019 11:14
entering extended mode
 restricted \write18 enabled.
 %&-line parsing enabled.
**halfspaceRTM_ip7.tex
(./halfspaceRTM_ip7.tex
LaTeX2e <2018-04-01> patch level 2
Babel <3.18> and hyphenation patterns for 84 language(s) loaded.
(./iopart.cls
Document Class: iopart 1996/06/10 v0.0 IOP Journals LaTeX article class
(./iopart12.clo
File: iopart12.clo 1997/01/15 v1.0 LaTeX2e file (size option)
)
\c@jnl=\count80
\c@section=\count81
\c@subsection=\count82
\c@subsubsection=\count83
\c@paragraph=\count84
\c@subparagraph=\count85
\c@figure=\count86
\c@table=\count87
\abovecaptionskip=\skip41
\belowcaptionskip=\skip42
\indentedwidth=\skip43
\mathindent=\dimen102
\c@eqnval=\count88
) (./iopams.sty
Package: iopams 1997/02/13 v1.0

(c:/texlive/2018/texmf-dist/tex/latex/amsmath/amsgen.sty
File: amsgen.sty 1999/11/30 v2.0 generic functions
\@emptytoks=\toks14
\ex@=\dimen103
)
(c:/texlive/2018/texmf-dist/tex/latex/amsfonts/amsfonts.sty
Package: amsfonts 2013/01/14 v3.01 Basic AMSFonts support
\symAMSa=\mathgroup4
\symAMSb=\mathgroup5
LaTeX Font Info:    Overwriting math alphabet `\mathfrak' in version `bold'
(Font)                  U/euf/m/n --> U/euf/b/n on input line 106.
)
(c:/texlive/2018/texmf-dist/tex/latex/amsfonts/amssymb.sty
Package: amssymb 2013/01/14 v3.01 AMS font symbols
)
(c:/texlive/2018/texmf-dist/tex/latex/amsmath/amsbsy.sty
Package: amsbsy 1999/11/29 v1.2d Bold Symbols
\pmbraise@=\dimen104
))
(c:/texlive/2018/texmf-dist/tex/latex/graphics/epsfig.sty
Package: epsfig 2017/06/25 v1.7b (e)psfig emulation (SPQR)

(c:/texlive/2018/texmf-dist/tex/latex/graphics/graphicx.sty
Package: graphicx 2017/06/01 v1.1a Enhanced LaTeX Graphics (DPC,SPQR)

(c:/texlive/2018/texmf-dist/tex/latex/graphics/keyval.sty
Package: keyval 2014/10/28 v1.15 key=value parser (DPC)
\KV@toks@=\toks15
)
(c:/texlive/2018/texmf-dist/tex/latex/graphics/graphics.sty
Package: graphics 2017/06/25 v1.2c Standard LaTeX Graphics (DPC,SPQR)

(c:/texlive/2018/texmf-dist/tex/latex/graphics/trig.sty
Package: trig 2016/01/03 v1.10 sin cos tan (DPC)
)
(c:/texlive/2018/texmf-dist/tex/latex/graphics-cfg/graphics.cfg
File: graphics.cfg 2016/06/04 v1.11 sample graphics configuration
)
Package graphics Info: Driver file: pdftex.def on input line 99.

(c:/texlive/2018/texmf-dist/tex/latex/graphics-def/pdftex.def
File: pdftex.def 2018/01/08 v1.0l Graphics/color driver for pdftex
))
\Gin@req@height=\dimen105
\Gin@req@width=\dimen106
)
\epsfxsize=\dimen107
\epsfysize=\dimen108
)
(c:/texlive/2018/texmf-dist/tex/latex/base/latexsym.sty
Package: latexsym 1998/08/17 v2.2e Standard LaTeX package (lasy symbols)
\symlasy=\mathgroup6
LaTeX Font Info:    Overwriting symbol font `lasy' in version `bold'
(Font)                  U/lasy/m/n --> U/lasy/b/n on input line 52.
)
(c:/texlive/2018/texmf-dist/tex/latex/hyperref/hyperref.sty
Package: hyperref 2018/02/06 v6.86b Hypertext links for LaTeX

(c:/texlive/2018/texmf-dist/tex/generic/oberdiek/hobsub-hyperref.sty
Package: hobsub-hyperref 2016/05/16 v1.14 Bundle oberdiek, subset hyperref (HO)


(c:/texlive/2018/texmf-dist/tex/generic/oberdiek/hobsub-generic.sty
Package: hobsub-generic 2016/05/16 v1.14 Bundle oberdiek, subset generic (HO)
Package: hobsub 2016/05/16 v1.14 Construct package bundles (HO)
Package: infwarerr 2016/05/16 v1.4 Providing info/warning/error messages (HO)
Package: ltxcmds 2016/05/16 v1.23 LaTeX kernel commands for general use (HO)
Package: ifluatex 2016/05/16 v1.4 Provides the ifluatex switch (HO)
Package ifluatex Info: LuaTeX not detected.
Package: ifvtex 2016/05/16 v1.6 Detect VTeX and its facilities (HO)
Package ifvtex Info: VTeX not detected.
Package: intcalc 2016/05/16 v1.2 Expandable calculations with integers (HO)
Package: ifpdf 2017/03/15 v3.2 Provides the ifpdf switch
Package: etexcmds 2016/05/16 v1.6 Avoid name clashes with e-TeX commands (HO)
Package etexcmds Info: Could not find \expanded.
(etexcmds)             That can mean that you are not using pdfTeX 1.50 or
(etexcmds)             that some package has redefined \expanded.
(etexcmds)             In the latter case, load this package earlier.
Package: kvsetkeys 2016/05/16 v1.17 Key value parser (HO)
Package: kvdefinekeys 2016/05/16 v1.4 Define keys (HO)
Package: pdftexcmds 2018/01/30 v0.27 Utility functions of pdfTeX for LuaTeX (HO
)
Package pdftexcmds Info: LuaTeX not detected.
Package pdftexcmds Info: \pdf@primitive is available.
Package pdftexcmds Info: \pdf@ifprimitive is available.
Package pdftexcmds Info: \pdfdraftmode found.
Package: pdfescape 2016/05/16 v1.14 Implements pdfTeX's escape features (HO)
Package: bigintcalc 2016/05/16 v1.4 Expandable calculations on big integers (HO
)
Package: bitset 2016/05/16 v1.2 Handle bit-vector datatype (HO)
Package: uniquecounter 2016/05/16 v1.3 Provide unlimited unique counter (HO)
)
Package hobsub Info: Skipping package `hobsub' (already loaded).
Package: letltxmacro 2016/05/16 v1.5 Let assignment for LaTeX macros (HO)
Package: hopatch 2016/05/16 v1.3 Wrapper for package hooks (HO)
Package: xcolor-patch 2016/05/16 xcolor patch
Package: atveryend 2016/05/16 v1.9 Hooks at the very end of document (HO)
Package atveryend Info: \enddocument detected (standard20110627).
Package: atbegshi 2016/06/09 v1.18 At begin shipout hook (HO)
Package: refcount 2016/05/16 v3.5 Data extraction from label references (HO)
Package: hycolor 2016/05/16 v1.8 Color options for hyperref/bookmark (HO)
)
(c:/texlive/2018/texmf-dist/tex/generic/ifxetex/ifxetex.sty
Package: ifxetex 2010/09/12 v0.6 Provides ifxetex conditional
)
(c:/texlive/2018/texmf-dist/tex/latex/oberdiek/auxhook.sty
Package: auxhook 2016/05/16 v1.4 Hooks for auxiliary files (HO)
)
(c:/texlive/2018/texmf-dist/tex/latex/oberdiek/kvoptions.sty
Package: kvoptions 2016/05/16 v3.12 Key value format for package options (HO)
)
\@linkdim=\dimen109
\Hy@linkcounter=\count89
\Hy@pagecounter=\count90

(c:/texlive/2018/texmf-dist/tex/latex/hyperref/pd1enc.def
File: pd1enc.def 2018/02/06 v6.86b Hyperref: PDFDocEncoding definition (HO)
Now handling font encoding PD1 ...
... no UTF-8 mapping file for font encoding PD1
)
\Hy@SavedSpaceFactor=\count91

(c:/texlive/2018/texmf-dist/tex/latex/latexconfig/hyperref.cfg
File: hyperref.cfg 2002/06/06 v1.2 hyperref configuration of TeXLive
)

! Package hyperref Error: Wrong DVI mode driver option `hypertex',
(hyperref)                because pdfTeX or LuaTeX is running in PDF mode.

See the hyperref package documentation for explanation.
Type  H <return>  for immediate help.
 ...                                              
                                                  
l.4383 \ProcessKeyvalOptions{Hyp}
                                 
Try typing  <return>  to proceed.
If that doesn't work, type  X <return>  to quit.

Package hyperref Info: Option `hyperindex' set `true' on input line 4383.
Package hyperref Info: Hyper figures OFF on input line 4509.
Package hyperref Info: Link nesting OFF on input line 4514.
Package hyperref Info: Hyper index ON on input line 4517.
Package hyperref Info: Plain pages OFF on input line 4524.
Package hyperref Info: Backreferencing OFF on input line 4529.
Package hyperref Info: Implicit mode ON; LaTeX internals redefined.
Package hyperref Info: Bookmarks ON on input line 4762.
\c@Hy@tempcnt=\count92
(c:/texlive/2018/texmf-dist/tex/latex/url/url.sty
\Urlmuskip=\muskip10
Package: url 2013/09/16  ver 3.4  Verb mode for urls, etc.
)
LaTeX Info: Redefining \url on input line 5115.
\XeTeXLinkMargin=\dimen110
\Fld@menulength=\count93
\Field@Width=\dimen111
\Fld@charsize=\dimen112
Package hyperref Info: Hyper figures OFF on input line 6369.
Package hyperref Info: Link nesting OFF on input line 6374.
Package hyperref Info: Hyper index ON on input line 6377.
Package hyperref Info: backreferencing OFF on input line 6384.
Package hyperref Info: Link coloring OFF on input line 6389.
Package hyperref Info: Link coloring with OCG OFF on input line 6394.
Package hyperref Info: PDF/A mode OFF on input line 6399.
LaTeX Info: Redefining \ref on input line 6439.
LaTeX Info: Redefining \pageref on input line 6443.
\Hy@abspage=\count94
\c@Item=\count95
\c@Hfootnote=\count96
)
Package hyperref Info: Driver (autodetected): hpdftex.

(c:/texlive/2018/texmf-dist/tex/latex/hyperref/hpdftex.def
File: hpdftex.def 2018/02/06 v6.86b Hyperref driver for pdfTeX
\Fld@listcount=\count97
\c@bookmark@seq@number=\count98

(c:/texlive/2018/texmf-dist/tex/latex/oberdiek/rerunfilecheck.sty
Package: rerunfilecheck 2016/05/16 v1.8 Rerun checks for auxiliary files (HO)
Package uniquecounter Info: New unique counter `rerunfilecheck' on input line 2
82.
)
\Hy@SectionHShift=\skip44
)
(c:/texlive/2018/texmf-dist/tex/latex/graphics/color.sty
Package: color 2016/07/10 v1.1e Standard LaTeX Color (DPC)

(c:/texlive/2018/texmf-dist/tex/latex/graphics-cfg/color.cfg
File: color.cfg 2016/01/02 v1.6 sample color configuration
)
Package color Info: Driver file: pdftex.def on input line 147.
)
No file halfspaceRTM_ip7.aux.
\openout1 = `halfspaceRTM_ip7.aux'.

LaTeX Font Info:    Checking defaults for OML/cmm/m/it on input line 14.
LaTeX Font Info:    ... okay on input line 14.
LaTeX Font Info:    Checking defaults for T1/cmr/m/n on input line 14.
LaTeX Font Info:    ... okay on input line 14.
LaTeX Font Info:    Checking defaults for OT1/cmr/m/n on input line 14.
LaTeX Font Info:    ... okay on input line 14.
LaTeX Font Info:    Checking defaults for OMS/cmsy/m/n on input line 14.
LaTeX Font Info:    ... okay on input line 14.
LaTeX Font Info:    Checking defaults for OMX/cmex/m/n on input line 14.
LaTeX Font Info:    ... okay on input line 14.
LaTeX Font Info:    Checking defaults for U/cmr/m/n on input line 14.
LaTeX Font Info:    ... okay on input line 14.
LaTeX Font Info:    Checking defaults for PD1/pdf/m/n on input line 14.
LaTeX Font Info:    ... okay on input line 14.
(c:/texlive/2018/texmf-dist/tex/context/base/mkii/supp-pdf.mkii
[Loading MPS to PDF converter (version 2006.09.02).]
\scratchcounter=\count99
\scratchdimen=\dimen113
\scratchbox=\box26
\nofMPsegments=\count100
\nofMParguments=\count101
\everyMPshowfont=\toks16
\MPscratchCnt=\count102
\MPscratchDim=\dimen114
\MPnumerator=\count103
\makeMPintoPDFobject=\count104
\everyMPtoPDFconversion=\toks17
) (c:/texlive/2018/texmf-dist/tex/latex/oberdiek/epstopdf-base.sty
Package: epstopdf-base 2016/05/15 v2.6 Base part for package epstopdf

(c:/texlive/2018/texmf-dist/tex/latex/oberdiek/grfext.sty
Package: grfext 2016/05/16 v1.2 Manage graphics extensions (HO)
)
Package epstopdf-base Info: Redefining graphics rule for `.eps' on input line 4
38.
Package grfext Info: Graphics extension search list:
(grfext)             [.pdf,.png,.jpg,.mps,.jpeg,.jbig2,.jb2,.PDF,.PNG,.JPG,.JPE
G,.JBIG2,.JB2,.eps]
(grfext)             \AppendGraphicsExtensions on input line 456.

(c:/texlive/2018/texmf-dist/tex/latex/latexconfig/epstopdf-sys.cfg
File: epstopdf-sys.cfg 2010/07/13 v1.3 Configuration of (r)epstopdf for TeX Liv
e
))
\AtBeginShipoutBox=\box27
Package hyperref Info: Link coloring OFF on input line 14.

(c:/texlive/2018/texmf-dist/tex/latex/hyperref/nameref.sty
Package: nameref 2016/05/21 v2.44 Cross-referencing by name of section

(c:/texlive/2018/texmf-dist/tex/generic/oberdiek/gettitlestring.sty
Package: gettitlestring 2016/05/16 v1.5 Cleanup title references (HO)
)
\c@section@level=\count105
)
LaTeX Info: Redefining \ref on input line 14.
LaTeX Info: Redefining \pageref on input line 14.
LaTeX Info: Redefining \nameref on input line 14.
\@outlinefile=\write3
\openout3 = `halfspaceRTM_ip7.out'.

 [1

{c:/texlive/2018/texmf-var/fonts/map/pdftex/updmap/pdftex.map}]
\c@lem=\count106
\c@prop=\count107
\c@cor=\count108
\c@thm=\count109
\c@rem=\count110
\c@alg=\count111
\c@assum=\count112
\c@definition=\count113
\c@exmp=\count114
\c@fig=\count115
LaTeX Font Info:    Try loading font information for U+msa on input line 140.

(c:/texlive/2018/texmf-dist/tex/latex/amsfonts/umsa.fd
File: umsa.fd 2013/01/14 v3.01 AMS symbols A
)
LaTeX Font Info:    Try loading font information for U+msb on input line 140.

(c:/texlive/2018/texmf-dist/tex/latex/amsfonts/umsb.fd
File: umsb.fd 2013/01/14 v3.01 AMS symbols B
)
LaTeX Font Info:    Try loading font information for U+lasy on input line 140.

(c:/texlive/2018/texmf-dist/tex/latex/base/ulasy.fd
File: ulasy.fd 1998/08/17 v2.2e LaTeX symbol font definitions
)

LaTeX Warning: Reference `p3' on page 2 undefined on input line 149.


LaTeX Warning: Reference `p1' on page 2 undefined on input line 151.


LaTeX Warning: Reference `p3' on page 2 undefined on input line 151.


LaTeX Warning: Citation `ber84' on page 2 undefined on input line 154.


LaTeX Warning: Citation `cla85' on page 2 undefined on input line 154.


LaTeX Warning: Citation `bcs' on page 2 undefined on input line 154.


LaTeX Warning: Citation `cch_a' on page 2 undefined on input line 154.


LaTeX Warning: Citation `cch_e' on page 2 undefined on input line 154.


LaTeX Warning: Citation `cch_a' on page 2 undefined on input line 154.


LaTeX Warning: Citation `cch_e' on page 2 undefined on input line 154.


LaTeX Warning: Citation `ammari' on page 2 undefined on input line 154.


LaTeX Warning: Citation `bcs' on page 2 undefined on input line 154.


LaTeX Warning: Citation `ch_wg' on page 2 undefined on input line 154.


LaTeX Warning: Citation `zs09' on page 2 undefined on input line 156.


LaTeX Warning: Citation `zs07' on page 2 undefined on input line 156.


LaTeX Warning: Citation `zs07' on page 2 undefined on input line 156.


LaTeX Warning: Citation `bcs' on page 2 undefined on input line 156.

[2]

LaTeX Warning: Citation `zs09' on page 3 undefined on input line 158.


LaTeX Warning: Citation `zs07' on page 3 undefined on input line 158.


LaTeX Warning: Citation `cch_a' on page 3 undefined on input line 158.


LaTeX Warning: Citation `cch_e' on page 3 undefined on input line 158.


LaTeX Warning: Citation `zs09' on page 3 undefined on input line 174.


LaTeX Warning: Citation `zs07' on page 3 undefined on input line 174.

[3]

LaTeX Warning: Reference `cor2' on page 4 undefined on input line 194.


LaTeX Warning: Citation `zs09' on page 4 undefined on input line 198.


LaTeX Warning: Citation `zs07' on page 4 undefined on input line 198.


LaTeX Warning: Citation `ammari' on page 4 undefined on input line 216.

[4]

LaTeX Warning: Citation `chew' on page 5 undefined on input line 235.


LaTeX Warning: Reference `JJ' on page 5 undefined on input line 252.


Underfull \hbox (badness 10000) in paragraph at lines 259--262

 []

[5]

LaTeX Warning: Reference `circle_sta3' on page 6 undefined on input line 263.


LaTeX Warning: Reference `lem:h1' on page 6 undefined on input line 263.


LaTeX Warning: Citation `grafakos' on page 6 undefined on input line 264.


LaTeX Warning: Citation `grafakos' on page 6 undefined on input line 273.


Underfull \hbox (badness 10000) in paragraph at lines 273--277

 []


LaTeX Warning: File `./eps/Jxy_mesh1.eps' not found on input line 280.

Package epstopdf Info: Source file: <./eps/Jxy_mesh1.eps>
(epstopdf)             Output file: <./eps/Jxy_mesh1-eps-converted-to.pdf>
(epstopdf)             Command: <repstopdf --outfile=./eps/Jxy_mesh1-eps-conver
ted-to.pdf ./eps/Jxy_mesh1.eps>
(epstopdf)             \includegraphics on input line 280.
Package epstopdf Info: Output file is already uptodate.

! Package pdftex.def Error: File `./eps/Jxy_mesh1-eps-converted-to.pdf' not fou
nd: using draft setting.

See the pdftex.def package documentation for explanation.
Type  H <return>  for immediate help.
 ...                                              
                                                  
l.280 ...cs[width=\textwidth]{./eps/Jxy_mesh1.eps}
                                                  
Try typing  <return>  to proceed.
If that doesn't work, type  X <return>  to quit.


LaTeX Warning: Reference `lem:4.6' on page 6 undefined on input line 295.


Underfull \hbox (badness 10000) in paragraph at lines 294--296

 []


LaTeX Warning: Reference `lem:h1' on page 6 undefined on input line 297.


LaTeX Warning: Reference `lem:h2' on page 6 undefined on input line 297.


LaTeX Warning: Reference `d00' on page 6 undefined on input line 307.

[6]

LaTeX Warning: Reference `lem:h1' on page 7 undefined on input line 315.


Underfull \hbox (badness 10000) in paragraph at lines 315--317

 []

[7]

LaTeX Warning: Citation `cg09' on page 8 undefined on input line 323.


LaTeX Warning: Reference `lem:hankel' on page 8 undefined on input line 344.


Overfull \hbox (30.63771pt too wide) in alignment at lines 345--349
 [] [] [] [] 
 []


LaTeX Warning: Reference `cond' on page 8 undefined on input line 350.


LaTeX Warning: Reference `jd1' on page 8 undefined on input line 350.


Underfull \hbox (badness 10000) in paragraph at lines 349--352

 []


LaTeX Warning: Reference `y1' on page 8 undefined on input line 353.


LaTeX Warning: Reference `y2' on page 8 undefined on input line 353.


LaTeX Warning: Citation `leis' on page 8 undefined on input line 367.


LaTeX Warning: Citation `ch_wg' on page 8 undefined on input line 367.

[8]
Underfull \hbox (badness 1158) in paragraph at lines 384--386
\OT1/cmr/m/it/12 Then there exists a constant $\OML/cmm/m/it/12 C$ \OT1/cmr/m/i
t/12 such that $\OMS/cmsy/m/n/12 k\OML/cmm/m/it/12 @\OT1/cmr/m/n/12 (\OML/cmm/m
/it/12 u[] \OMS/cmsy/m/n/12 ^^@ \OML/cmm/m/it/12 u[]\OT1/cmr/m/n/12 )\OML/cmm/m
/it/12 =@^^W\OMS/cmsy/m/n/12 k[] ^^T \OML/cmm/m/it/12 C\OT1/cmr/m/n/12 (1 +
 []


LaTeX Warning: Reference `y3' on page 9 undefined on input line 408.

[9]

LaTeX Warning: Reference `lem:4.1' on page 10 undefined on input line 438.


LaTeX Warning: Reference `cor:3.1' on page 10 undefined on input line 438.


LaTeX Warning: Reference `cor:3.2' on page 10 undefined on input line 438.


LaTeX Warning: Reference `hb1' on page 10 undefined on input line 443.


LaTeX Warning: Reference `thm:4.1' on page 10 undefined on input line 443.


LaTeX Warning: Reference `cor:3.1' on page 10 undefined on input line 443.


LaTeX Warning: Reference `cor4_ha' on page 10 undefined on input line 449.


LaTeX Warning: Reference `x2' on page 10 undefined on input line 459.


LaTeX Warning: Reference `x1' on page 10 undefined on input line 459.


LaTeX Warning: Reference `cor:3.1' on page 10 undefined on input line 459.


LaTeX Warning: Reference `cor:3.2' on page 10 undefined on input line 459.


LaTeX Warning: Reference `x3' on page 10 undefined on input line 463.

[10]

LaTeX Warning: Reference `lem:4.1' on page 11 undefined on input line 472.


LaTeX Warning: Reference `cor:3.1' on page 11 undefined on input line 472.


LaTeX Warning: Reference `cor:3.2' on page 11 undefined on input line 472.


LaTeX Warning: Reference `x4' on page 11 undefined on input line 476.


Underfull \hbox (badness 10000) in paragraph at lines 475--478

 []


LaTeX Warning: Reference `F' on page 11 undefined on input line 479.


LaTeX Warning: Reference `lem:h2' on page 11 undefined on input line 480.


LaTeX Warning: Reference `res_ha' on page 11 undefined on input line 502.


LaTeX Warning: Reference `def:4.1' on page 11 undefined on input line 502.

[11]

LaTeX Warning: Citation `hor' on page 12 undefined on input line 508.


LaTeX Warning: Reference `phase' on page 12 undefined on input line 519.


LaTeX Warning: Citation `bcs' on page 12 undefined on input line 533.


LaTeX Warning: Citation `melrose' on page 12 undefined on input line 533.

[12]

LaTeX Warning: Reference `res_ha' on page 13 undefined on input line 557.


LaTeX Warning: Reference `res_ha' on page 13 undefined on input line 579.

[13]

LaTeX Warning: Citation `colton-kress' on page 14 undefined on input line 598.


LaTeX Warning: Reference `fig1' on page 14 undefined on input line 610.


LaTeX Warning: File `./eps/peanut_freq2pi2_401s_401r_h10_d50_2.eps' not found o
n input line 616.

Package epstopdf Info: Source file: <./eps/peanut_freq2pi2_401s_401r_h10_d50_2.
eps>
(epstopdf)             Output file: <./eps/peanut_freq2pi2_401s_401r_h10_d50_2-
eps-converted-to.pdf>
(epstopdf)             Command: <repstopdf --outfile=./eps/peanut_freq2pi2_401s
_401r_h10_d50_2-eps-converted-to.pdf ./eps/peanut_freq2pi2_401s_401r_h10_d50_2.
eps>
(epstopdf)             \includegraphics on input line 616.
Package epstopdf Info: Output file is already uptodate.

! Package pdftex.def Error: File `./eps/peanut_freq2pi2_401s_401r_h10_d50_2-eps
-converted-to.pdf' not found: using draft setting.

See the pdftex.def package documentation for explanation.
Type  H <return>  for immediate help.
 ...                                              
                                                  
l.616 .../peanut_freq2pi2_401s_401r_h10_d50_2.eps}
                                                  
Try typing  <return>  to proceed.
If that doesn't work, type  X <return>  to quit.


LaTeX Warning: File `./eps/peanut_freq2pi2_d50Ns301Nr301_Nx201Nz201_eta0.eps' n
ot found on input line 618.

Package epstopdf Info: Source file: <./eps/peanut_freq2pi2_d50Ns301Nr301_Nx201N
z201_eta0.eps>
(epstopdf)             Output file: <./eps/peanut_freq2pi2_d50Ns301Nr301_Nx201N
z201_eta0-eps-converted-to.pdf>
(epstopdf)             Command: <repstopdf --outfile=./eps/peanut_freq2pi2_d50N
s301Nr301_Nx201Nz201_eta0-eps-converted-to.pdf ./eps/peanut_freq2pi2_d50Ns301Nr
301_Nx201Nz201_eta0.eps>
(epstopdf)             \includegraphics on input line 618.
Package epstopdf Info: Output file is already uptodate.

! Package pdftex.def Error: File `./eps/peanut_freq2pi2_d50Ns301Nr301_Nx201Nz20
1_eta0-eps-converted-to.pdf' not found: using draft setting.

See the pdftex.def package documentation for explanation.
Type  H <return>  for immediate help.
 ...                                              
                                                  
l.618 ...eq2pi2_d50Ns301Nr301_Nx201Nz201_eta0.eps}
                                                  
Try typing  <return>  to proceed.
If that doesn't work, type  X <return>  to quit.


LaTeX Warning: File `./eps/peanut_freq2pi2_d50Ns301Nr301_Nx201Nz201_eta2.eps' n
ot found on input line 619.

Package epstopdf Info: Source file: <./eps/peanut_freq2pi2_d50Ns301Nr301_Nx201N
z201_eta2.eps>
(epstopdf)             Output file: <./eps/peanut_freq2pi2_d50Ns301Nr301_Nx201N
z201_eta2-eps-converted-to.pdf>
(epstopdf)             Command: <repstopdf --outfile=./eps/peanut_freq2pi2_d50N
s301Nr301_Nx201Nz201_eta2-eps-converted-to.pdf ./eps/peanut_freq2pi2_d50Ns301Nr
301_Nx201Nz201_eta2.eps>
(epstopdf)             \includegraphics on input line 619.
Package epstopdf Info: Output file is already uptodate.

! Package pdftex.def Error: File `./eps/peanut_freq2pi2_d50Ns301Nr301_Nx201Nz20
1_eta2-eps-converted-to.pdf' not found: using draft setting.

See the pdftex.def package documentation for explanation.
Type  H <return>  for immediate help.
 ...                                              
                                                  
l.619 ...eq2pi2_d50Ns301Nr301_Nx201Nz201_eta2.eps}
                                                  
Try typing  <return>  to proceed.
If that doesn't work, type  X <return>  to quit.


LaTeX Warning: File `./eps/peanut_freq2pi2_d50Ns301Nr301_Nx201Nz201_transmissio
n.eps' not found on input line 620.

Package epstopdf Info: Source file: <./eps/peanut_freq2pi2_d50Ns301Nr301_Nx201N
z201_transmission.eps>
(epstopdf)             Output file: <./eps/peanut_freq2pi2_d50Ns301Nr301_Nx201N
z201_transmission-eps-converted-to.pdf>
(epstopdf)             Command: <repstopdf --outfile=./eps/peanut_freq2pi2_d50N
s301Nr301_Nx201Nz201_transmission-eps-converted-to.pdf ./eps/peanut_freq2pi2_d5
0Ns301Nr301_Nx201Nz201_transmission.eps>
(epstopdf)             \includegraphics on input line 620.
Package epstopdf Info: Output file is already uptodate.

! Package pdftex.def Error: File `./eps/peanut_freq2pi2_d50Ns301Nr301_Nx201Nz20
1_transmission-eps-converted-to.pdf' not found: using draft setting.

See the pdftex.def package documentation for explanation.
Type  H <return>  for immediate help.
 ...                                              
                                                  
l.620 ...50Ns301Nr301_Nx201Nz201_transmission.eps}
                                                  
Try typing  <return>  to proceed.
If that doesn't work, type  X <return>  to quit.


LaTeX Warning: Reference `fig2' on page 14 undefined on input line 628.


LaTeX Warning: Reference `fig3' on page 14 undefined on input line 630.


LaTeX Warning: Reference `fig2' on page 14 undefined on input line 631.


LaTeX Warning: Reference `fig3' on page 14 undefined on input line 632.

[14]

LaTeX Warning: File `./eps/circle_two_model.eps' not found on input line 639.

Package epstopdf Info: Source file: <./eps/circle_two_model.eps>
(epstopdf)             Output file: <./eps/circle_two_model-eps-converted-to.pd
f>
(epstopdf)             Command: <repstopdf --outfile=./eps/circle_two_model-eps
-converted-to.pdf ./eps/circle_two_model.eps>
(epstopdf)             \includegraphics on input line 639.
Package epstopdf Info: Output file is already uptodate.

! Package pdftex.def Error: File `./eps/circle_two_model-eps-converted-to.pdf' 
not found: using draft setting.

See the pdftex.def package documentation for explanation.
Type  H <return>  for immediate help.
 ...                                              
                                                  
l.639 ....3\textwidth]{./eps/circle_two_model.eps}
                                                  
Try typing  <return>  to proceed.
If that doesn't work, type  X <return>  to quit.


LaTeX Warning: File `./eps/circle_two_freq2pi2_Ns301Nr301_d50_nx401nz201.eps' n
ot found on input line 640.

Package epstopdf Info: Source file: <./eps/circle_two_freq2pi2_Ns301Nr301_d50_n
x401nz201.eps>
(epstopdf)             Output file: <./eps/circle_two_freq2pi2_Ns301Nr301_d50_n
x401nz201-eps-converted-to.pdf>
(epstopdf)             Command: <repstopdf --outfile=./eps/circle_two_freq2pi2_
Ns301Nr301_d50_nx401nz201-eps-converted-to.pdf ./eps/circle_two_freq2pi2_Ns301N
r301_d50_nx401nz201.eps>
(epstopdf)             \includegraphics on input line 640.
Package epstopdf Info: Output file is already uptodate.

! Package pdftex.def Error: File `./eps/circle_two_freq2pi2_Ns301Nr301_d50_nx40
1nz201-eps-converted-to.pdf' not found: using draft setting.

See the pdftex.def package documentation for explanation.
Type  H <return>  for immediate help.
 ...                                              
                                                  
l.640 ...o_freq2pi2_Ns301Nr301_d50_nx401nz201.eps}
                                                  
Try typing  <return>  to proceed.
If that doesn't work, type  X <return>  to quit.


LaTeX Warning: File `./eps/circle_two_freq2pi2to3per9_Ns301Nr301_d50_nx401nz201
.eps' not found on input line 641.

Package epstopdf Info: Source file: <./eps/circle_two_freq2pi2to3per9_Ns301Nr30
1_d50_nx401nz201.eps>
(epstopdf)             Output file: <./eps/circle_two_freq2pi2to3per9_Ns301Nr30
1_d50_nx401nz201-eps-converted-to.pdf>
(epstopdf)             Command: <repstopdf --outfile=./eps/circle_two_freq2pi2t
o3per9_Ns301Nr301_d50_nx401nz201-eps-converted-to.pdf ./eps/circle_two_freq2pi2
to3per9_Ns301Nr301_d50_nx401nz201.eps>
(epstopdf)             \includegraphics on input line 641.
Package epstopdf Info: Output file is already uptodate.

! Package pdftex.def Error: File `./eps/circle_two_freq2pi2to3per9_Ns301Nr301_d
50_nx401nz201-eps-converted-to.pdf' not found: using draft setting.

See the pdftex.def package documentation for explanation.
Type  H <return>  for immediate help.
 ...                                              
                                                  
l.641 ...pi2to3per9_Ns301Nr301_d50_nx401nz201.eps}
                                                  
Try typing  <return>  to proceed.
If that doesn't work, type  X <return>  to quit.


LaTeX Warning: File `./eps/Obstacle_two_model.eps' not found on input line 648.


Package epstopdf Info: Source file: <./eps/Obstacle_two_model.eps>
(epstopdf)             Output file: <./eps/Obstacle_two_model-eps-converted-to.
pdf>
(epstopdf)             Command: <repstopdf --outfile=./eps/Obstacle_two_model-e
ps-converted-to.pdf ./eps/Obstacle_two_model.eps>
(epstopdf)             \includegraphics on input line 648.
Package epstopdf Info: Output file is already uptodate.

! Package pdftex.def Error: File `./eps/Obstacle_two_model-eps-converted-to.pdf
' not found: using draft setting.

See the pdftex.def package documentation for explanation.
Type  H <return>  for immediate help.
 ...                                              
                                                  
l.648 ...\textwidth]{./eps/Obstacle_two_model.eps}
                                                  
Try typing  <return>  to proceed.
If that doesn't work, type  X <return>  to quit.


LaTeX Warning: File `./eps/Obstacle_two_freq2pi2_d50Ns301Nr301.eps' not found o
n input line 649.

Package epstopdf Info: Source file: <./eps/Obstacle_two_freq2pi2_d50Ns301Nr301.
eps>
(epstopdf)             Output file: <./eps/Obstacle_two_freq2pi2_d50Ns301Nr301-
eps-converted-to.pdf>
(epstopdf)             Command: <repstopdf --outfile=./eps/Obstacle_two_freq2pi
2_d50Ns301Nr301-eps-converted-to.pdf ./eps/Obstacle_two_freq2pi2_d50Ns301Nr301.
eps>
(epstopdf)             \includegraphics on input line 649.
Package epstopdf Info: Output file is already uptodate.

! Package pdftex.def Error: File `./eps/Obstacle_two_freq2pi2_d50Ns301Nr301-eps
-converted-to.pdf' not found: using draft setting.

See the pdftex.def package documentation for explanation.
Type  H <return>  for immediate help.
 ...                                              
                                                  
l.649 .../Obstacle_two_freq2pi2_d50Ns301Nr301.eps}
                                                  
Try typing  <return>  to proceed.
If that doesn't work, type  X <return>  to quit.


LaTeX Warning: File `./eps/Obstacle_two_freq2pi2to3per9_d50Ns301Nr301_Nx201Nz40
1.eps' not found on input line 650.

Package epstopdf Info: Source file: <./eps/Obstacle_two_freq2pi2to3per9_d50Ns30
1Nr301_Nx201Nz401.eps>
(epstopdf)             Output file: <./eps/Obstacle_two_freq2pi2to3per9_d50Ns30
1Nr301_Nx201Nz401-eps-converted-to.pdf>
(epstopdf)             Command: <repstopdf --outfile=./eps/Obstacle_two_freq2pi
2to3per9_d50Ns301Nr301_Nx201Nz401-eps-converted-to.pdf ./eps/Obstacle_two_freq2
pi2to3per9_d50Ns301Nr301_Nx201Nz401.eps>
(epstopdf)             \includegraphics on input line 650.
Package epstopdf Info: Output file is already uptodate.

! Package pdftex.def Error: File `./eps/Obstacle_two_freq2pi2to3per9_d50Ns301Nr
301_Nx201Nz401-eps-converted-to.pdf' not found: using draft setting.

See the pdftex.def package documentation for explanation.
Type  H <return>  for immediate help.
 ...                                              
                                                  
l.650 ...2pi2to3per9_d50Ns301Nr301_Nx201Nz401.eps}
                                                  
Try typing  <return>  to proceed.
If that doesn't work, type  X <return>  to quit.


LaTeX Warning: Citation `cch_a' on page 15 undefined on input line 663.

[15]

LaTeX Warning: Reference `fig5' on page 16 undefined on input line 669.


LaTeX Warning: Reference `fig6' on page 16 undefined on input line 669.


LaTeX Warning: Reference `table1' on page 16 undefined on input line 671.


LaTeX Warning: Reference `table1' on page 16 undefined on input line 672.


Underfull \hbox (badness 3049) in paragraph at lines 671--673
[]\OT1/cmr/m/n/12 The left table in Table [] shows the noise level in this case
, where
 []


Underfull \hbox (badness 3724) in paragraph at lines 671--673
\OML/cmm/m/it/12 ^^[ \OT1/cmr/m/n/12 = \OML/cmm/m/it/12 ^^V [][] \OMS/cmsy/m/n/
12 j\OML/cmm/m/it/12 u[]\OT1/cmr/m/n/12 (\OML/cmm/m/it/12 x[]; x[]\OT1/cmr/m/n/
12 )\OMS/cmsy/m/n/12 j$\OT1/cmr/m/n/12 , $\OMS/cmsy/m/n/12 k\OML/cmm/m/it/12 u[
]\OMS/cmsy/m/n/12 k[] \OT1/cmr/m/n/12 = [] [][] \OMS/cmsy/m/n/12 j\OML/cmm/m/it
/12 u[]\OT1/cmr/m/n/12 (\OML/cmm/m/it/12 x[]; x[]\OT1/cmr/m/n/12 )\OMS/cmsy/m/n
/12 j[]$\OT1/cmr/m/n/12 , $\OMS/cmsy/m/n/12 k\OML/cmm/m/it/12 ^^W[]\OMS/cmsy/m/
n/12 k[] \OT1/cmr/m/n/12 =
 []


LaTeX Warning: File `./eps/circle_kite_freq2pi1_d50Ns301Nr301_Nx401Nz201_sigma1
0.eps' not found on input line 677.

Package epstopdf Info: Source file: <./eps/circle_kite_freq2pi1_d50Ns301Nr301_N
x401Nz201_sigma10.eps>
(epstopdf)             Output file: <./eps/circle_kite_freq2pi1_d50Ns301Nr301_N
x401Nz201_sigma10-eps-converted-to.pdf>
(epstopdf)             Command: <repstopdf --outfile=./eps/circle_kite_freq2pi1
_d50Ns301Nr301_Nx401Nz201_sigma10-eps-converted-to.pdf ./eps/circle_kite_freq2p
i1_d50Ns301Nr301_Nx401Nz201_sigma10.eps>
(epstopdf)             \includegraphics on input line 677.
Package epstopdf Info: Output file is already uptodate.

! Package pdftex.def Error: File `./eps/circle_kite_freq2pi1_d50Ns301Nr301_Nx40
1Nz201_sigma10-eps-converted-to.pdf' not found: using draft setting.

See the pdftex.def package documentation for explanation.
Type  H <return>  for immediate help.
 ...                                              
                                                  
l.677 ...pi1_d50Ns301Nr301_Nx401Nz201_sigma10.eps}
                                                  
Try typing  <return>  to proceed.
If that doesn't work, type  X <return>  to quit.


LaTeX Warning: File `./eps/circle_kite_freq2pi1_d50Ns301Nr301_Nx401Nz201_sigma2
0.eps' not found on input line 678.

Package epstopdf Info: Source file: <./eps/circle_kite_freq2pi1_d50Ns301Nr301_N
x401Nz201_sigma20.eps>
(epstopdf)             Output file: <./eps/circle_kite_freq2pi1_d50Ns301Nr301_N
x401Nz201_sigma20-eps-converted-to.pdf>
(epstopdf)             Command: <repstopdf --outfile=./eps/circle_kite_freq2pi1
_d50Ns301Nr301_Nx401Nz201_sigma20-eps-converted-to.pdf ./eps/circle_kite_freq2p
i1_d50Ns301Nr301_Nx401Nz201_sigma20.eps>
(epstopdf)             \includegraphics on input line 678.
Package epstopdf Info: Output file is already uptodate.

! Package pdftex.def Error: File `./eps/circle_kite_freq2pi1_d50Ns301Nr301_Nx40
1Nz201_sigma20-eps-converted-to.pdf' not found: using draft setting.

See the pdftex.def package documentation for explanation.
Type  H <return>  for immediate help.
 ...                                              
                                                  
l.678 ...pi1_d50Ns301Nr301_Nx401Nz201_sigma20.eps}
                                                  
Try typing  <return>  to proceed.
If that doesn't work, type  X <return>  to quit.


LaTeX Warning: File `./eps/circle_kite_freq2pi1_d50Ns301Nr301_Nx401Nz201_sigma4
0.eps' not found on input line 679.

Package epstopdf Info: Source file: <./eps/circle_kite_freq2pi1_d50Ns301Nr301_N
x401Nz201_sigma40.eps>
(epstopdf)             Output file: <./eps/circle_kite_freq2pi1_d50Ns301Nr301_N
x401Nz201_sigma40-eps-converted-to.pdf>
(epstopdf)             Command: <repstopdf --outfile=./eps/circle_kite_freq2pi1
_d50Ns301Nr301_Nx401Nz201_sigma40-eps-converted-to.pdf ./eps/circle_kite_freq2p
i1_d50Ns301Nr301_Nx401Nz201_sigma40.eps>
(epstopdf)             \includegraphics on input line 679.
Package epstopdf Info: Output file is already uptodate.

! Package pdftex.def Error: File `./eps/circle_kite_freq2pi1_d50Ns301Nr301_Nx40
1Nz201_sigma40-eps-converted-to.pdf' not found: using draft setting.

See the pdftex.def package documentation for explanation.
Type  H <return>  for immediate help.
 ...                                              
                                                  
l.679 ...pi1_d50Ns301Nr301_Nx401Nz201_sigma40.eps}
                                                  
Try typing  <return>  to proceed.
If that doesn't work, type  X <return>  to quit.


LaTeX Warning: File `./eps/circle_kite_freq2pi1_d50Ns301Nr301_Nx401Nz201_sigma6
0.eps' not found on input line 680.

Package epstopdf Info: Source file: <./eps/circle_kite_freq2pi1_d50Ns301Nr301_N
x401Nz201_sigma60.eps>
(epstopdf)             Output file: <./eps/circle_kite_freq2pi1_d50Ns301Nr301_N
x401Nz201_sigma60-eps-converted-to.pdf>
(epstopdf)             Command: <repstopdf --outfile=./eps/circle_kite_freq2pi1
_d50Ns301Nr301_Nx401Nz201_sigma60-eps-converted-to.pdf ./eps/circle_kite_freq2p
i1_d50Ns301Nr301_Nx401Nz201_sigma60.eps>
(epstopdf)             \includegraphics on input line 680.
Package epstopdf Info: Output file is already uptodate.

! Package pdftex.def Error: File `./eps/circle_kite_freq2pi1_d50Ns301Nr301_Nx40
1Nz201_sigma60-eps-converted-to.pdf' not found: using draft setting.

See the pdftex.def package documentation for explanation.
Type  H <return>  for immediate help.
 ...                                              
                                                  
l.680 ...pi1_d50Ns301Nr301_Nx401Nz201_sigma60.eps}
                                                  
Try typing  <return>  to proceed.
If that doesn't work, type  X <return>  to quit.


LaTeX Warning: File `./eps/circle_kite_freq2pipt5to2pt5per9_d50Ns301Nr301_Nx401
Nz201_sigma10.eps' not found on input line 686.

Package epstopdf Info: Source file: <./eps/circle_kite_freq2pipt5to2pt5per9_d50
Ns301Nr301_Nx401Nz201_sigma10.eps>
(epstopdf)             Output file: <./eps/circle_kite_freq2pipt5to2pt5per9_d50
Ns301Nr301_Nx401Nz201_sigma10-eps-converted-to.pdf>
(epstopdf)             Command: <repstopdf --outfile=./eps/circle_kite_freq2pip
t5to2pt5per9_d50Ns301Nr301_Nx401Nz201_sigma10-eps-converted-to.pdf ./eps/circle
_kite_freq2pipt5to2pt5per9_d50Ns301Nr301_Nx401Nz201_sigma10.eps>
(epstopdf)             \includegraphics on input line 686.
Package epstopdf Info: Output file is already uptodate.

! Package pdftex.def Error: File `./eps/circle_kite_freq2pipt5to2pt5per9_d50Ns3
01Nr301_Nx401Nz201_sigma10-eps-converted-to.pdf' not found: using draft setting
.

See the pdftex.def package documentation for explanation.
Type  H <return>  for immediate help.
 ...                                              
                                                  
l.686 ...er9_d50Ns301Nr301_Nx401Nz201_sigma10.eps}
                                                  
Try typing  <return>  to proceed.
If that doesn't work, type  X <return>  to quit.


LaTeX Warning: File `./eps/circle_kite_freq2pipt5to2pt5per9_d50Ns301Nr301_Nx401
Nz201_sigma20.eps' not found on input line 687.

Package epstopdf Info: Source file: <./eps/circle_kite_freq2pipt5to2pt5per9_d50
Ns301Nr301_Nx401Nz201_sigma20.eps>
(epstopdf)             Output file: <./eps/circle_kite_freq2pipt5to2pt5per9_d50
Ns301Nr301_Nx401Nz201_sigma20-eps-converted-to.pdf>
(epstopdf)             Command: <repstopdf --outfile=./eps/circle_kite_freq2pip
t5to2pt5per9_d50Ns301Nr301_Nx401Nz201_sigma20-eps-converted-to.pdf ./eps/circle
_kite_freq2pipt5to2pt5per9_d50Ns301Nr301_Nx401Nz201_sigma20.eps>
(epstopdf)             \includegraphics on input line 687.
Package epstopdf Info: Output file is already uptodate.

! Package pdftex.def Error: File `./eps/circle_kite_freq2pipt5to2pt5per9_d50Ns3
01Nr301_Nx401Nz201_sigma20-eps-converted-to.pdf' not found: using draft setting
.

See the pdftex.def package documentation for explanation.
Type  H <return>  for immediate help.
 ...                                              
                                                  
l.687 ...er9_d50Ns301Nr301_Nx401Nz201_sigma20.eps}
                                                  
Try typing  <return>  to proceed.
If that doesn't work, type  X <return>  to quit.


LaTeX Warning: File `./eps/circle_kite_freq2pipt5to2pt5per9_d50Ns301Nr301_Nx401
Nz201_sigma40.eps' not found on input line 688.

Package epstopdf Info: Source file: <./eps/circle_kite_freq2pipt5to2pt5per9_d50
Ns301Nr301_Nx401Nz201_sigma40.eps>
(epstopdf)             Output file: <./eps/circle_kite_freq2pipt5to2pt5per9_d50
Ns301Nr301_Nx401Nz201_sigma40-eps-converted-to.pdf>
(epstopdf)             Command: <repstopdf --outfile=./eps/circle_kite_freq2pip
t5to2pt5per9_d50Ns301Nr301_Nx401Nz201_sigma40-eps-converted-to.pdf ./eps/circle
_kite_freq2pipt5to2pt5per9_d50Ns301Nr301_Nx401Nz201_sigma40.eps>
(epstopdf)             \includegraphics on input line 688.
Package epstopdf Info: Output file is already uptodate.

! Package pdftex.def Error: File `./eps/circle_kite_freq2pipt5to2pt5per9_d50Ns3
01Nr301_Nx401Nz201_sigma40-eps-converted-to.pdf' not found: using draft setting
.

See the pdftex.def package documentation for explanation.
Type  H <return>  for immediate help.
 ...                                              
                                                  
l.688 ...er9_d50Ns301Nr301_Nx401Nz201_sigma40.eps}
                                                  
Try typing  <return>  to proceed.
If that doesn't work, type  X <return>  to quit.


LaTeX Warning: File `./eps/circle_kite_freq2pipt5to2pt5per9_d50Ns301Nr301_Nx401
Nz201_sigma60.eps' not found on input line 689.

Package epstopdf Info: Source file: <./eps/circle_kite_freq2pipt5to2pt5per9_d50
Ns301Nr301_Nx401Nz201_sigma60.eps>
(epstopdf)             Output file: <./eps/circle_kite_freq2pipt5to2pt5per9_d50
Ns301Nr301_Nx401Nz201_sigma60-eps-converted-to.pdf>
(epstopdf)             Command: <repstopdf --outfile=./eps/circle_kite_freq2pip
t5to2pt5per9_d50Ns301Nr301_Nx401Nz201_sigma60-eps-converted-to.pdf ./eps/circle
_kite_freq2pipt5to2pt5per9_d50Ns301Nr301_Nx401Nz201_sigma60.eps>
(epstopdf)             \includegraphics on input line 689.
Package epstopdf Info: Output file is already uptodate.

! Package pdftex.def Error: File `./eps/circle_kite_freq2pipt5to2pt5per9_d50Ns3
01Nr301_Nx401Nz201_sigma60-eps-converted-to.pdf' not found: using draft setting
.

See the pdftex.def package documentation for explanation.
Type  H <return>  for immediate help.
 ...                                              
                                                  
l.689 ...er9_d50Ns301Nr301_Nx401Nz201_sigma60.eps}
                                                  
Try typing  <return>  to proceed.
If that doesn't work, type  X <return>  to quit.


LaTeX Warning: Reference `thm:4.1' on page 16 undefined on input line 717.


LaTeX Warning: Citation `grafakos' on page 16 undefined on input line 720.

[16]

LaTeX Warning: Reference `cond' on page 17 undefined on input line 743.


LaTeX Warning: Reference `van' on page 17 undefined on input line 749.

[17]

LaTeX Warning: Reference `t2' on page 18 undefined on input line 761.


LaTeX Warning: Reference `t3' on page 18 undefined on input line 761.


LaTeX Warning: Reference `t4' on page 18 undefined on input line 761.


Underfull \hbox (badness 10000) in paragraph at lines 761--763

 []


Overfull \hbox (2.28078pt too wide) in alignment at lines 770--772
 [] [] [] [] 
 []


LaTeX Warning: Reference `jd2' on page 18 undefined on input line 780.


LaTeX Warning: Reference `lem:7.1' on page 18 undefined on input line 798.


LaTeX Warning: Reference `lem:7.1' on page 18 undefined on input line 798.


Underfull \hbox (badness 10000) in paragraph at lines 797--800

 []


LaTeX Warning: Reference `thm:4.1' on page 18 undefined on input line 801.

[18]

LaTeX Warning: Reference `thm:4.1' on page 19 undefined on input line 803.


LaTeX Warning: Reference `ha' on page 19 undefined on input line 808.


LaTeX Warning: Reference `lem:4.1' on page 19 undefined on input line 809.


LaTeX Warning: Reference `y1' on page 19 undefined on input line 809.


LaTeX Warning: Reference `y2' on page 19 undefined on input line 809.


LaTeX Warning: Reference `y1' on page 19 undefined on input line 825.


LaTeX Warning: Reference `lem:7.2' on page 19 undefined on input line 833.


Underfull \hbox (badness 10000) in paragraph at lines 832--835

 []


Underfull \hbox (badness 1803) in paragraph at lines 836--837
\OT1/cmr/m/n/12 This work is supported by National Basic Research Project under
 the grant
 []

[19]
Package atveryend Info: Empty hook `BeforeClearDocument' on input line 908.
 [20]
Package atveryend Info: Empty hook `AfterLastShipout' on input line 908.
 (./halfspaceRTM_ip7.aux)
Package atveryend Info: Executing hook `AtVeryEndDocument' on input line 908.
Package atveryend Info: Executing hook `AtEndAfterFileList' on input line 908.


Package rerunfilecheck Warning: File `halfspaceRTM_ip7.out' has changed.
(rerunfilecheck)                Rerun to get outlines right
(rerunfilecheck)                or use package `bookmark'.

Package rerunfilecheck Info: Checksums for `halfspaceRTM_ip7.out':
(rerunfilecheck)             Before: <no file>
(rerunfilecheck)             After:  31A6B9D059C42B911A557B47EA32CDFB;390.

LaTeX Warning: There were undefined references.


LaTeX Warning: Label(s) may have changed. Rerun to get cross-references right.

Package atveryend Info: Empty hook `AtVeryVeryEnd' on input line 908.
 ) 
Here is how much of TeX's memory you used:
 6077 strings out of 492649
 84103 string characters out of 6133383
 181929 words of memory out of 5000000
 9771 multiletter control sequences out of 15000+600000
 16206 words of font info for 66 fonts, out of 8000000 for 9000
 1141 hyphenation exceptions out of 8191
 32i,12n,28p,953b,446s stack positions out of 5000i,500n,10000p,200000b,80000s
<c:/texlive/2018/texmf-dist/fonts/type1/public/amsfonts/cm/cmbx10.pfb><c:/tex
live/2018/texmf-dist/fonts/type1/public/amsfonts/cm/cmbx12.pfb><c:/texlive/2018
/texmf-dist/fonts/type1/public/amsfonts/cm/cmbx8.pfb><c:/texlive/2018/texmf-dis
t/fonts/type1/public/amsfonts/cm/cmcsc10.pfb><c:/texlive/2018/texmf-dist/fonts/
type1/public/amsfonts/cm/cmex10.pfb><c:/texlive/2018/texmf-dist/fonts/type1/pub
lic/amsfonts/cm/cmmi10.pfb><c:/texlive/2018/texmf-dist/fonts/type1/public/amsfo
nts/cm/cmmi12.pfb><c:/texlive/2018/texmf-dist/fonts/type1/public/amsfonts/cm/cm
mi6.pfb><c:/texlive/2018/texmf-dist/fonts/type1/public/amsfonts/cm/cmmi7.pfb><c
:/texlive/2018/texmf-dist/fonts/type1/public/amsfonts/cm/cmmi8.pfb><c:/texlive/
2018/texmf-dist/fonts/type1/public/amsfonts/cm/cmr10.pfb><c:/texlive/2018/texmf
-dist/fonts/type1/public/amsfonts/cm/cmr12.pfb><c:/texlive/2018/texmf-dist/font
s/type1/public/amsfonts/cm/cmr6.pfb><c:/texlive/2018/texmf-dist/fonts/type1/pub
lic/amsfonts/cm/cmr8.pfb><c:/texlive/2018/texmf-dist/fonts/type1/public/amsfont
s/cm/cmsy10.pfb><c:/texlive/2018/texmf-dist/fonts/type1/public/amsfonts/cm/cmsy
6.pfb><c:/texlive/2018/texmf-dist/fonts/type1/public/amsfonts/cm/cmsy8.pfb><c:/
texlive/2018/texmf-dist/fonts/type1/public/amsfonts/cm/cmti10.pfb><c:/texlive/2
018/texmf-dist/fonts/type1/public/amsfonts/cm/cmti12.pfb><c:/texlive/2018/texmf
-dist/fonts/type1/public/amsfonts/cm/cmtt12.pfb><c:/texlive/2018/texmf-dist/fon
ts/type1/public/amsfonts/latxfont/lasy10.pfb><c:/texlive/2018/texmf-dist/fonts/
type1/public/amsfonts/symbols/msbm10.pfb>
Output written on halfspaceRTM_ip7.pdf (20 pages, 345891 bytes).
PDF statistics:
 294 PDF objects out of 1000 (max. 8388607)
 247 compressed objects within 3 object streams
 109 named destinations out of 1000 (max. 500000)
 1 words of extra memory for PDF output out of 10000 (max. 10000000)

