This is XeTeX, Version 3.1415926-2.3-0.9997.5 (MiKTeX 2.9) (preloaded format=xelatex 2018.9.6)  24 OCT 2018 17:00
entering extended mode
**RTM_half_elastic_v10.tex
(C:\Users\zhoushiqi\Desktop\github\my-paper\RTM_half_elastic_v10.tex
LaTeX2e <2011/06/27>
Babel <v3.8m> and hyphenation patterns for loaded.
(C:\Users\zhoushiqi\Desktop\github\my-paper\iopart.cls
Document Class: iopart 1996/06/10 v0.0 IOP Journals LaTeX article class
(C:\Users\zhoushiqi\Desktop\github\my-paper\iopart12.clo
File: iopart12.clo 1997/01/15 v1.0 LaTeX2e file (size option)
Requested font "cmr12" at 12.0pt
 -> cmr12
)
\c@jnl=\count80
\c@section=\count81
\c@subsection=\count82
\c@subsubsection=\count83
\c@paragraph=\count84
\c@subparagraph=\count85
\c@figure=\count86
\c@table=\count87
\abovecaptionskip=\skip41
\belowcaptionskip=\skip42
\indentedwidth=\skip43
\mathindent=\dimen102
\c@eqnval=\count88
)
(C:\Users\zhoushiqi\Desktop\github\my-paper\iopams.sty
Package: iopams 1997/02/13 v1.0

(C:\CTEX\MiKTeX\tex\latex\ams\math\amsgen.sty
File: amsgen.sty 1999/11/30 v2.0
\@emptytoks=\toks14
\ex@=\dimen103
)
(C:\CTEX\MiKTeX\tex\latex\amsfonts\amsfonts.sty
Package: amsfonts 2009/06/22 v3.00 Basic AMSFonts support
\symAMSa=\mathgroup4
\symAMSb=\mathgroup5
LaTeX Font Info:    Overwriting math alphabet `\mathfrak' in version `bold'
(Font)                  U/euf/m/n --> U/euf/b/n on input line 96.
)
(C:\CTEX\MiKTeX\tex\latex\amsfonts\amssymb.sty
Package: amssymb 2009/06/22 v3.00
)
(C:\CTEX\MiKTeX\tex\latex\ams\math\amsbsy.sty
Package: amsbsy 1999/11/29 v1.2d
\pmbraise@=\dimen104
))
(C:\CTEX\MiKTeX\tex\latex\graphics\epsfig.sty
Package: epsfig 1999/02/16 v1.7a (e)psfig emulation (SPQR)

(C:\CTEX\MiKTeX\tex\latex\graphics\graphicx.sty
Package: graphicx 1999/02/16 v1.0f Enhanced LaTeX Graphics (DPC,SPQR)

(C:\CTEX\MiKTeX\tex\latex\graphics\keyval.sty
Package: keyval 1999/03/16 v1.13 key=value parser (DPC)
\KV@toks@=\toks15
)
(C:\CTEX\MiKTeX\tex\latex\graphics\graphics.sty
Package: graphics 2009/02/05 v1.0o Standard LaTeX Graphics (DPC,SPQR)

(C:\CTEX\MiKTeX\tex\latex\graphics\trig.sty
Package: trig 1999/03/16 v1.09 sin cos tan (DPC)
)
(C:\CTEX\MiKTeX\tex\latex\00miktex\graphics.cfg
File: graphics.cfg 2007/01/18 v1.5 graphics configuration of teTeX/TeXLive
)
Package graphics Info: Driver file: xetex.def on input line 91.

(C:\CTEX\MiKTeX\tex\xelatex\xetex-def\xetex.def
File: xetex.def 2009/11/22 v0.94 LaTeX color/graphics driver for XeTeX (RRM/JK)

))
\Gin@req@height=\dimen105
\Gin@req@width=\dimen106
)
\epsfxsize=\dimen107
\epsfysize=\dimen108
)
(C:\CTEX\MiKTeX\tex\latex\base\latexsym.sty
Package: latexsym 1998/08/17 v2.2e Standard LaTeX package (lasy symbols)
\symlasy=\mathgroup6
LaTeX Font Info:    Overwriting symbol font `lasy' in version `bold'
(Font)                  U/lasy/m/n --> U/lasy/b/n on input line 47.
)
(C:\CTEX\MiKTeX\tex\latex\tools\showkeys.sty
Package: showkeys 2007/08/07 v3.15 Show cite and label keys (DPC, MH)
)
(C:\CTEX\MiKTeX\tex\latex\graphics\color.sty
Package: color 2005/11/14 v1.0j Standard LaTeX Color (DPC)

(C:\CTEX\MiKTeX\tex\latex\00miktex\color.cfg
File: color.cfg 2007/01/18 v1.5 color configuration of teTeX/TeXLive
)
Package color Info: Driver file: xetex.def on input line 130.
)
(C:\Users\zhoushiqi\Desktop\github\my-paper\RTM_half_elastic_v10.aux)
LaTeX Font Info:    Checking defaults for OML/cmm/m/it on input line 16.
LaTeX Font Info:    ... okay on input line 16.
LaTeX Font Info:    Checking defaults for T1/cmr/m/n on input line 16.
LaTeX Font Info:    ... okay on input line 16.
LaTeX Font Info:    Checking defaults for OT1/cmr/m/n on input line 16.
LaTeX Font Info:    ... okay on input line 16.
LaTeX Font Info:    Checking defaults for OMS/cmsy/m/n on input line 16.
LaTeX Font Info:    ... okay on input line 16.
LaTeX Font Info:    Checking defaults for OMX/cmex/m/n on input line 16.
LaTeX Font Info:    ... okay on input line 16.
LaTeX Font Info:    Checking defaults for U/cmr/m/n on input line 16.
LaTeX Font Info:    ... okay on input line 16.
Requested font "cmr17" at 17.28pt
 -> cmr17
Requested font "cmbx12" at 17.28pt
 -> cmbx12
Requested font "cmbx12" at 12.0pt
 -> cmbx12
Requested font "cmbx10" at 10.0pt
 -> cmbx10
 [1

]
\c@lem=\count89
\c@prop=\count90
\c@cor=\count91
\c@thm=\count92
\c@rem=\count93
\c@alg=\count94
\c@assum=\count95
\c@definition=\count96
\c@RomanNumber=\count97
Requested font "cmr10" at 10.95pt
 -> cmr10
Requested font "cmtt10" at 10.95pt
 -> cmtt10
Requested font "cmr8" at 8.0pt
 -> cmr8
Requested font "cmr6" at 6.0pt
 -> cmr6
Requested font "cmmi12" at 12.0pt
 -> cmmi12
Requested font "cmmi8" at 8.0pt
 -> cmmi8
Requested font "cmmi6" at 6.0pt
 -> cmmi6
Requested font "cmsy10" at 12.0pt
 -> cmsy10
Requested font "cmsy8" at 8.0pt
 -> cmsy8
Requested font "cmsy6" at 6.0pt
 -> cmsy6
Requested font "cmex10" at 12.0pt
 -> cmex10
Requested font "cmex8" at 8.0pt
 -> cmex8
Requested font "cmex7" at 6.0pt
 -> cmex7
LaTeX Font Info:    Try loading font information for U+msa on input line 183.

(C:\CTEX\MiKTeX\tex\latex\amsfonts\umsa.fd
File: umsa.fd 2009/06/22 v3.00 AMS symbols A
)
Requested font "msam10" at 12.0pt
 -> msam10
Requested font "msam10" at 8.0pt
 -> msam10
Requested font "msam7" at 6.0pt
 -> msam7
LaTeX Font Info:    Try loading font information for U+msb on input line 183.

(C:\CTEX\MiKTeX\tex\latex\amsfonts\umsb.fd
File: umsb.fd 2009/06/22 v3.00 AMS symbols B
)
Requested font "msbm10" at 12.0pt
 -> msbm10
Requested font "msbm10" at 8.0pt
 -> msbm10
Requested font "msbm7" at 6.0pt
 -> msbm7
LaTeX Font Info:    Try loading font information for U+lasy on input line 183.

(C:\CTEX\MiKTeX\tex\latex\base\ulasy.fd
File: ulasy.fd 1998/08/17 v2.2e LaTeX symbol font definitions
)
Requested font "lasy10" at 12.0pt
 -> lasy10
Requested font "lasy8" at 8.0pt
 -> lasy8
Requested font "lasy6" at 6.0pt
 -> lasy6
Requested font "cmtt10" at 10.0pt
 -> cmtt10
Requested font "cmbx8" at 8.0pt
 -> cmbx8
Requested font "cmbx6" at 6.0pt
 -> cmbx6

Underfull \hbox (badness 1533) in paragraph at lines 197--201
[]\OT1/cmr/m/n/12 The equations ([]1.1[])-([]1.2[]) must be complemented by app
ropriate boundary
 []

Requested font "cmti12" at 12.0pt
 -> cmti12
[2] [3] [4]
Requested font "cmmi10" at 10.95pt
 -> cmmi10
Requested font "cmsy10" at 10.95pt
 -> cmsy10
Requested font "cmex10" at 10.95pt
 -> cmex10
Requested font "cmbx10" at 10.95pt
 -> cmbx10
Requested font "msam10" at 10.95pt
 -> msam10
Requested font "msbm10" at 10.95pt
 -> msbm10
Requested font "lasy10" at 10.95pt
 -> lasy10

Underfull \hbox (badness 10000) in paragraph at lines 307--312

 []

[5] [6]
Underfull \hbox (badness 10000) in paragraph at lines 403--406

 []

File: ./graphic/transformation4.png Graphic file (type QTm)
<use  "./graphic/transformation4.png" >
Requested font "cmex7" at 7.0pt
 -> cmex7
Requested font "cmex7" at 5.0pt
 -> cmex7
Requested font "cmbx7" at 7.0pt
 -> cmbx7
Requested font "cmbx5" at 5.0pt
 -> cmbx5
Requested font "msam10" at 10.0pt
 -> msam10
Requested font "msam7" at 7.0pt
 -> msam7
Requested font "msam5" at 5.0pt
 -> msam5
Requested font "msbm10" at 10.0pt
 -> msbm10
Requested font "msbm7" at 7.0pt
 -> msbm7
Requested font "msbm5" at 5.0pt
 -> msbm5
Requested font "lasy10" at 10.0pt
 -> lasy10
Requested font "lasy7" at 7.0pt
 -> lasy7
Requested font "lasy5" at 5.0pt
 -> lasy5
 [7] [8]
Underfull \hbox (badness 10000) in paragraph at lines 484--487

 []


Underfull \hbox (badness 10000) in paragraph at lines 504--507

 []

[9]
Overfull \hbox (2.09009pt too wide) in alignment at lines 510--513
 [] [] [] [] 
 []


Underfull \hbox (badness 10000) in paragraph at lines 520--523

 []


Overfull \hbox (5.74364pt too wide) in alignment at lines 541--543
 [] [] [] [] 
 []

[10]
Underfull \hbox (badness 10000) in paragraph at lines 561--564

 []

[11] [12] [13]
Underfull \hbox (badness 10000) in paragraph at lines 697--700

 []


Underfull \hbox (badness 10000) in paragraph at lines 710--713

 []


Underfull \hbox (badness 10000) in paragraph at lines 734--737

 []


Overfull \hbox (4.07668pt too wide) in alignment at lines 746--751
 [] [] [] [] 
 []

[14]
Underfull \hbox (badness 10000) in paragraph at lines 751--755

 []

[15]
Underfull \hbox (badness 10000) in paragraph at lines 812--815

 []


Overfull \hbox (1.20511pt too wide) in alignment at lines 826--831
 [] [] [] [] 
 []

[16]
Underfull \hbox (badness 10000) in paragraph at lines 843--846

 []


Underfull \hbox (badness 1005) in paragraph at lines 896--898
\OML/cmm/m/it/12 k[]^^V[][]\OT1/cmr/m/n/12 (\OML/cmm/m/it/12 k[] \OMS/cmsy/m/n/
12 ^^@ \OT1/cmr/m/n/12 4\OML/cmm/m/it/12 ^^X[]\OT1/cmr/m/n/12 )$. It is then cl
ear that $\OMS/cmsy/m/n/12 ^^@[] \OT1/cmr/m/n/12 ([][]) \OMS/cmsy/m/n/12 ^^U \O
T1/cmr/m/n/12 0$. This shows
 []

[17]
Underfull \hbox (badness 10000) in paragraph at lines 906--910

 []


Overfull \hbox (1.85262pt too wide) in alignment at lines 928--932
 [] [] [] [] 
 []


Underfull \hbox (badness 10000) in paragraph at lines 936--939

 []

[18]
Requested font "cmcsc10" at 12.0pt
 -> cmcsc10
 [19] [20] [21] [22]
Underfull \hbox (badness 10000) in paragraph at lines 1108--1111

 []

[23] [24] [25]
Invalid UTF-8 byte or sequence at line 1234 replaced by U+FFFD.
File: ./graphic/peanut_3pi.eps Graphic file (type eps)
 <./graphic/peanut_3pi.eps>
Invalid UTF-8 byte or sequence at line 1235 replaced by U+FFFD.
File: ./graphic/peanut_3pi_neumann.eps Graphic file (type eps)
 <./graphic/peanut_3pi_neumann.eps>
Invalid UTF-8 byte or sequence at line 1236 replaced by U+FFFD.
File: ./graphic/peanut_3pi_impedance_1.eps Graphic file (type eps)

<./graphic/peanut_3pi_impedance_1.eps>
Invalid UTF-8 byte or sequence at line 1237 replaced by U+FFFD.
File: ./graphic/peanut_3pi_transmission.eps Graphic file (type eps)
 <./graphic/peanut_3pi_transmission.eps>
Invalid UTF-8 byte or sequence at line 1252 replaced by U+FFFD.
File: ./graphic/circle_3pi.eps Graphic file (type eps)

<./graphic/circle_3pi.eps>
Invalid UTF-8 byte or sequence at line 1253 replaced by U+FFFD.
File: ./graphic/circle_5pi.eps Graphic file (type eps)
 <./graphic/circle_5pi.eps>
Invalid UTF-8 byte or sequence at line 1254 replaced by U+FFFD.
File: ./graphic/circle.eps Graphic file (type eps)
 <./graphic/circle.eps>
Invalid UTF-8 byte or sequence at line 1255 replaced by U+FFFD.
File: ./graphic/peanut_3pi.eps Graphic file (type eps)

<./graphic/peanut_3pi.eps>
Invalid UTF-8 byte or sequence at line 1256 replaced by U+FFFD.
File: ./graphic/peanut_5pi.eps Graphic file (type eps)
 <./graphic/peanut_5pi.eps>
Invalid UTF-8 byte or sequence at line 1257 replaced by U+FFFD.
File: ./graphic/peanut.eps Graphic file (type eps)
 <./graphic/peanut.eps>
Invalid UTF-8 byte or sequence at line 1258 replaced by U+FFFD.
File: ./graphic/p_leaf_3pi.eps Graphic file (type eps)

<./graphic/p_leaf_3pi.eps>
Invalid UTF-8 byte or sequence at line 1259 replaced by U+FFFD.
File: ./graphic/p_leaf_5pi.eps Graphic file (type eps)
 <./graphic/p_leaf_5pi.eps>
Invalid UTF-8 byte or sequence at line 1260 replaced by U+FFFD.
File: ./graphic/p_leaf.eps Graphic file (type eps)
 <./graphic/p_leaf.eps>
Invalid UTF-8 byte or sequence at line 1261 replaced by U+FFFD.
File: ./graphic/rectangle_3pi.eps Graphic file (type eps)

<./graphic/rectangle_3pi.eps>
Invalid UTF-8 byte or sequence at line 1262 replaced by U+FFFD.
File: ./graphic/rectangle_5pi.eps Graphic file (type eps)
 <./graphic/rectangle_5pi.eps>
Invalid UTF-8 byte or sequence at line 1263 replaced by U+FFFD.
File: ./graphic/rectangle.eps Graphic file (type eps)

<./graphic/rectangle.eps>
Invalid UTF-8 byte or sequence at line 1278 replaced by U+FFFD.
File: ./graphic/bi_circle_profile.eps Graphic file (type eps)
 <./graphic/bi_circle_profile.eps>
Invalid UTF-8 byte or sequence at line 1279 replaced by U+FFFD.
File: ./graphic/bi_circle_3pi.eps Graphic file (type eps)

<./graphic/bi_circle_3pi.eps>
Invalid UTF-8 byte or sequence at line 1280 replaced by U+FFFD.
File: ./graphic/bi_circle.eps Graphic file (type eps)
 <./graphic/bi_circle.eps>
Invalid UTF-8 byte or sequence at line 1288 replaced by U+FFFD.
File: ./graphic/circle_0_4_peanut_1_profile.eps Graphic file (type eps)

<./graphic/circle_0_4_peanut_1_profile.eps>
Invalid UTF-8 byte or sequence at line 1289 replaced by U+FFFD.
File: ./graphic/circle_0_4_peanut_1_3pi_1.eps Graphic file (type eps)

<./graphic/circle_0_4_peanut_1_3pi_1.eps>
Invalid UTF-8 byte or sequence at line 1290 replaced by U+FFFD.
File: ./graphic/circle_0_4_peanut_1_multi_1.eps Graphic file (type eps)

<./graphic/circle_0_4_peanut_1_multi_1.eps>
Invalid UTF-8 byte or sequence at line 1305 replaced by U+FFFD.
File: ./graphic/bi_circle_4pi_error2.eps Graphic file (type eps)

<./graphic/bi_circle_4pi_error2.eps>
Invalid UTF-8 byte or sequence at line 1306 replaced by U+FFFD.
File: ./graphic/bi_circle_4pi_error4.eps Graphic file (type eps)
 <./graphic/bi_circle_4pi_error4.eps>
Invalid UTF-8 byte or sequence at line 1307 replaced by U+FFFD.
File: ./graphic/bi_circle_4pi_error6.eps Graphic file (type eps)

<./graphic/bi_circle_4pi_error6.eps>
Invalid UTF-8 byte or sequence at line 1308 replaced by U+FFFD.
File: ./graphic/bi_circle_multi_2_8_error2.eps Graphic file (type eps)

<./graphic/bi_circle_multi_2_8_error2.eps>
Invalid UTF-8 byte or sequence at line 1309 replaced by U+FFFD.
File: ./graphic/bi_circle_multi_2_8_error4.eps Graphic file (type eps)

<./graphic/bi_circle_multi_2_8_error4.eps>
Invalid UTF-8 byte or sequence at line 1310 replaced by U+FFFD.
File: ./graphic/bi_circle_multi_2_8_error6.eps Graphic file (type eps)

<./graphic/bi_circle_multi_2_8_error6.eps> [26] [27] [28] [29]
Underfull \hbox (badness 10000) in paragraph at lines 1403--1406

 []

Requested font "cmti10" at 10.0pt
 -> cmti10
[30] [31] [32]
(C:\Users\zhoushiqi\Desktop\github\my-paper\RTM_half_elastic_v10.aux) )
(\end occurred inside a group at level 1)

### simple group (level 1) entered at line 1099 ({)
### bottom level 
Here is how much of TeX's memory you used:
 1715 strings out of 430478
 17004 string characters out of 3191503
 75245 words of memory out of 3000000
 4814 multiletter control sequences out of 15000+200000
 16373 words of font info for 67 fonts, out of 3000000 for 9000
 14 hyphenation exceptions out of 8191
 32i,13n,24p,1476b,363s stack positions out of 5000i,500n,10000p,200000b,50000s

Output written on RTM_half_elastic_v10.pdf (32 pages).
