This is pdfTeX, Version 3.1415926-2.3-1.40.12 (MiKTeX 2.9) (preloaded format=pdflatex 2018.9.4)  4 SEP 2018 21:54
entering extended mode
**RTM_half_elastic_v5.tex
(C:\Users\zhoushiqi\Desktop\github\my-paper\RTM_half_elastic_v5.tex
LaTeX2e <2011/06/27>
Babel <v3.8m> and hyphenation patterns for loaded.
(C:\Users\zhoushiqi\Desktop\github\my-paper\iopart.cls
Document Class: iopart 1996/06/10 v0.0 IOP Journals LaTeX article class
(C:\Users\zhoushiqi\Desktop\github\my-paper\iopart12.clo
File: iopart12.clo 1997/01/15 v1.0 LaTeX2e file (size option)
)
\c@jnl=\count79
\c@section=\count80
\c@subsection=\count81
\c@subsubsection=\count82
\c@paragraph=\count83
\c@subparagraph=\count84
\c@figure=\count85
\c@table=\count86
\abovecaptionskip=\skip41
\belowcaptionskip=\skip42
\indentedwidth=\skip43
\mathindent=\dimen102
\c@eqnval=\count87
)
(C:\Users\zhoushiqi\Desktop\github\my-paper\iopams.sty
Package: iopams 1997/02/13 v1.0

(C:\CTEX\MiKTeX\tex\latex\ams\math\amsgen.sty
File: amsgen.sty 1999/11/30 v2.0
\@emptytoks=\toks14
\ex@=\dimen103
)
(C:\CTEX\MiKTeX\tex\latex\amsfonts\amsfonts.sty
Package: amsfonts 2009/06/22 v3.00 Basic AMSFonts support
\symAMSa=\mathgroup4
\symAMSb=\mathgroup5
LaTeX Font Info:    Overwriting math alphabet `\mathfrak' in version `bold'
(Font)                  U/euf/m/n --> U/euf/b/n on input line 96.
)
(C:\CTEX\MiKTeX\tex\latex\amsfonts\amssymb.sty
Package: amssymb 2009/06/22 v3.00
)
(C:\CTEX\MiKTeX\tex\latex\ams\math\amsbsy.sty
Package: amsbsy 1999/11/29 v1.2d
\pmbraise@=\dimen104
))
(C:\CTEX\MiKTeX\tex\latex\graphics\epsfig.sty
Package: epsfig 1999/02/16 v1.7a (e)psfig emulation (SPQR)

(C:\CTEX\MiKTeX\tex\latex\graphics\graphicx.sty
Package: graphicx 1999/02/16 v1.0f Enhanced LaTeX Graphics (DPC,SPQR)

(C:\CTEX\MiKTeX\tex\latex\graphics\keyval.sty
Package: keyval 1999/03/16 v1.13 key=value parser (DPC)
\KV@toks@=\toks15
)
(C:\CTEX\MiKTeX\tex\latex\graphics\graphics.sty
Package: graphics 2009/02/05 v1.0o Standard LaTeX Graphics (DPC,SPQR)

(C:\CTEX\MiKTeX\tex\latex\graphics\trig.sty
Package: trig 1999/03/16 v1.09 sin cos tan (DPC)
)
(C:\CTEX\MiKTeX\tex\latex\00miktex\graphics.cfg
File: graphics.cfg 2007/01/18 v1.5 graphics configuration of teTeX/TeXLive
)
Package graphics Info: Driver file: pdftex.def on input line 91.

(C:\CTEX\MiKTeX\tex\latex\pdftex-def\pdftex.def
File: pdftex.def 2011/05/27 v0.06d Graphics/color for pdfTeX

(C:\CTEX\MiKTeX\tex\generic\oberdiek\infwarerr.sty
Package: infwarerr 2010/04/08 v1.3 Providing info/warning/message (HO)
)
(C:\CTEX\MiKTeX\tex\generic\oberdiek\ltxcmds.sty
Package: ltxcmds 2011/04/18 v1.20 LaTeX kernel commands for general use (HO)
)
\Gread@gobject=\count88
))
\Gin@req@height=\dimen105
\Gin@req@width=\dimen106
)
\epsfxsize=\dimen107
\epsfysize=\dimen108
)
(C:\CTEX\MiKTeX\tex\latex\base\latexsym.sty
Package: latexsym 1998/08/17 v2.2e Standard LaTeX package (lasy symbols)
\symlasy=\mathgroup6
LaTeX Font Info:    Overwriting symbol font `lasy' in version `bold'
(Font)                  U/lasy/m/n --> U/lasy/b/n on input line 47.
)
(C:\CTEX\MiKTeX\tex\latex\tools\showkeys.sty
Package: showkeys 2007/08/07 v3.15 Show cite and label keys (DPC, MH)
)
(C:\CTEX\MiKTeX\tex\latex\graphics\color.sty
Package: color 2005/11/14 v1.0j Standard LaTeX Color (DPC)

(C:\CTEX\MiKTeX\tex\latex\00miktex\color.cfg
File: color.cfg 2007/01/18 v1.5 color configuration of teTeX/TeXLive
)
Package color Info: Driver file: pdftex.def on input line 130.
)
(C:\Users\zhoushiqi\Desktop\github\my-paper\RTM_half_elastic_v5.aux)
LaTeX Font Info:    Checking defaults for OML/cmm/m/it on input line 15.
LaTeX Font Info:    ... okay on input line 15.
LaTeX Font Info:    Checking defaults for T1/cmr/m/n on input line 15.
LaTeX Font Info:    ... okay on input line 15.
LaTeX Font Info:    Checking defaults for OT1/cmr/m/n on input line 15.
LaTeX Font Info:    ... okay on input line 15.
LaTeX Font Info:    Checking defaults for OMS/cmsy/m/n on input line 15.
LaTeX Font Info:    ... okay on input line 15.
LaTeX Font Info:    Checking defaults for OMX/cmex/m/n on input line 15.
LaTeX Font Info:    ... okay on input line 15.
LaTeX Font Info:    Checking defaults for U/cmr/m/n on input line 15.
LaTeX Font Info:    ... okay on input line 15.

(C:\CTEX\MiKTeX\tex\context\base\supp-pdf.mkii
[Loading MPS to PDF converter (version 2006.09.02).]
\scratchcounter=\count89
\scratchdimen=\dimen109
\scratchbox=\box26
\nofMPsegments=\count90
\nofMParguments=\count91
\everyMPshowfont=\toks16
\MPscratchCnt=\count92
\MPscratchDim=\dimen110
\MPnumerator=\count93
\makeMPintoPDFobject=\count94
\everyMPtoPDFconversion=\toks17
) [1

{C:/CTEX/UserData/pdftex/config/pdftex.map{Unicode.sfd}{UGBK.sfd}}]
\c@lem=\count95
\c@prop=\count96
\c@cor=\count97
\c@thm=\count98
\c@rem=\count99
\c@alg=\count100
\c@assum=\count101
\c@definition=\count102
\c@RomanNumber=\count103
LaTeX Font Info:    Try loading font information for U+msa on input line 174.

(C:\CTEX\MiKTeX\tex\latex\amsfonts\umsa.fd
File: umsa.fd 2009/06/22 v3.00 AMS symbols A
)
LaTeX Font Info:    Try loading font information for U+msb on input line 174.

(C:\CTEX\MiKTeX\tex\latex\amsfonts\umsb.fd
File: umsb.fd 2009/06/22 v3.00 AMS symbols B
)
LaTeX Font Info:    Try loading font information for U+lasy on input line 174.

(C:\CTEX\MiKTeX\tex\latex\base\ulasy.fd
File: ulasy.fd 1998/08/17 v2.2e LaTeX symbol font definitions
)
Underfull \hbox (badness 1127) in paragraph at lines 197--206
\OT1/cmr/m/n/12 the complex conjugated data into the background medium and comp
uting the
 []

[2]
Overfull \hbox (9.09196pt too wide) in alignment at lines 239--249
 [] [] [] [] 
 []

[3] [4]
Underfull \hbox (badness 10000) in paragraph at lines 314--317

 []

[5] [6]
Underfull \hbox (badness 10000) in paragraph at lines 446--449

 []

[7]
Overfull \hbox (13.59048pt too wide) in alignment at lines 473--478
 [] [] [] [] 
 []


Overfull \hbox (94.29323pt too wide) in alignment at lines 485--493
 [] [] [] [] 
 []

[8] [9]
Underfull \hbox (badness 10000) in paragraph at lines 542--547

 []

<./graphic/transformation4.png, id=48, 682.80093pt x 436.63126pt>
File: ./graphic/transformation4.png Graphic file (type png)

<use ./graphic/transformation4.png>
Package pdftex.def Info: ./graphic/transformation4.png used on input line 565.
(pdftex.def)             Requested size: 357.12143pt x 223.19865pt.

Underfull \hbox (badness 10000) in paragraph at lines 569--572

 []

[10] [11 <C:/Users/zhoushiqi/Desktop/github/my-paper/graphic/transformation4.pn
g>] [12] [13] [14] [15]
Overfull \hbox (24.29568pt too wide) in alignment at lines 814--817
 [] [] [] [] 
 []

[16]
Overfull \hbox (8.60733pt too wide) in alignment at lines 856--861
 [] [] [] [] 
 []

[17]
Overfull \hbox (80.5472pt too wide) in alignment at lines 895--900
 [] [] [] [] 
 []

[18]
Overfull \hbox (6.32037pt too wide) in alignment at lines 915--921
 [] [] [] [] 
 []


Underfull \hbox (badness 10000) in paragraph at lines 926--929

 []


Underfull \hbox (badness 10000) in paragraph at lines 949--952

 []

[19]
Overfull \hbox (50.50615pt too wide) in alignment at lines 1000--1003
 [] [] [] [] 
 []


Underfull \hbox (badness 10000) in paragraph at lines 1003--1006

 []

[20]
Underfull \hbox (badness 10000) in paragraph at lines 1051--1054

 []

[21]
Overfull \hbox (15.21095pt too wide) in alignment at lines 1070--1073
 [] [] [] [] 
 []


Overfull \hbox (22.84544pt too wide) in alignment at lines 1075--1077
 [] [] [] [] 
 []

[22]
Overfull \hbox (13.21774pt too wide) in alignment at lines 1117--1119
 [] [] [] [] 
 []

Missing character: There is no â in font cmr12!
Missing character: There is no ˆ in font cmr12!
Missing character: There is no ’ in font cmr12!

! LaTeX Error: Unknown graphics extension: .eps.

See the LaTeX manual or LaTeX Companion for explanation.
Type  H <return>  for immediate help.
 ...                                              
                                                  
l.1126 ....24\textwidth]{./graphic/peanut_3pi.eps}
                                                  
Try typing  <return>  to proceed.
If that doesn't work, type  X <return>  to quit.


! LaTeX Error: Unknown graphics extension: .eps.

See the LaTeX manual or LaTeX Companion for explanation.
Type  H <return>  for immediate help.
 ...                                              
                                                  
l.1127 ...width]{./graphic/peanut_3pi_neumann.eps}
                                                  
Try typing  <return>  to proceed.
If that doesn't work, type  X <return>  to quit.


! LaTeX Error: Unknown graphics extension: .eps.

See the LaTeX manual or LaTeX Companion for explanation.
Type  H <return>  for immediate help.
 ...                                              
                                                  
l.1128 ...h]{./graphic/peanut_3pi_impedance_1.eps}
                                                  
Try typing  <return>  to proceed.
If that doesn't work, type  X <return>  to quit.


! LaTeX Error: Unknown graphics extension: .eps.

See the LaTeX manual or LaTeX Companion for explanation.
Type  H <return>  for immediate help.
 ...                                              
                                                  
l.1129 ...]{./graphic/peanut_3pi_transmission.eps}
                                                  
Try typing  <return>  to proceed.
If that doesn't work, type  X <return>  to quit.


LaTeX Warning: Reference `figure_1' on page 23 undefined on input line 1133.

Missing character: There is no â in font cmr12!
Missing character: There is no ˆ in font cmr12!
Missing character: There is no ’ in font cmr12!

! LaTeX Error: Unknown graphics extension: .eps.

See the LaTeX manual or LaTeX Companion for explanation.
Type  H <return>  for immediate help.
 ...                                              
                                                  
l.1147 ....32\textwidth]{./graphic/circle_3pi.eps}
                                                  
Try typing  <return>  to proceed.
If that doesn't work, type  X <return>  to quit.


! LaTeX Error: Unknown graphics extension: .eps.

See the LaTeX manual or LaTeX Companion for explanation.
Type  H <return>  for immediate help.
 ...                                              
                                                  
l.1148 ....32\textwidth]{./graphic/circle_5pi.eps}
                                                  
Try typing  <return>  to proceed.
If that doesn't work, type  X <return>  to quit.


! LaTeX Error: Unknown graphics extension: .eps.

See the LaTeX manual or LaTeX Companion for explanation.
Type  H <return>  for immediate help.
 ...                                              
                                                  
l.1149 ...th=0.32\textwidth]{./graphic/circle.eps}
                                                  
Try typing  <return>  to proceed.
If that doesn't work, type  X <return>  to quit.


! LaTeX Error: Unknown graphics extension: .eps.

See the LaTeX manual or LaTeX Companion for explanation.
Type  H <return>  for immediate help.
 ...                                              
                                                  
l.1150 ....32\textwidth]{./graphic/peanut_3pi.eps}
                                                  
Try typing  <return>  to proceed.
If that doesn't work, type  X <return>  to quit.


! LaTeX Error: Unknown graphics extension: .eps.

See the LaTeX manual or LaTeX Companion for explanation.
Type  H <return>  for immediate help.
 ...                                              
                                                  
l.1151 ....32\textwidth]{./graphic/peanut_5pi.eps}
                                                  
Try typing  <return>  to proceed.
If that doesn't work, type  X <return>  to quit.


! LaTeX Error: Unknown graphics extension: .eps.

See the LaTeX manual or LaTeX Companion for explanation.
Type  H <return>  for immediate help.
 ...                                              
                                                  
l.1152 ...th=0.32\textwidth]{./graphic/peanut.eps}
                                                  
Try typing  <return>  to proceed.
If that doesn't work, type  X <return>  to quit.


! LaTeX Error: Unknown graphics extension: .eps.

See the LaTeX manual or LaTeX Companion for explanation.
Type  H <return>  for immediate help.
 ...                                              
                                                  
l.1153 ....32\textwidth]{./graphic/p_leaf_3pi.eps}
                                                  
Try typing  <return>  to proceed.
If that doesn't work, type  X <return>  to quit.


! LaTeX Error: Unknown graphics extension: .eps.

See the LaTeX manual or LaTeX Companion for explanation.
Type  H <return>  for immediate help.
 ...                                              
                                                  
l.1154 ....32\textwidth]{./graphic/p_leaf_5pi.eps}
                                                  
Try typing  <return>  to proceed.
If that doesn't work, type  X <return>  to quit.


! LaTeX Error: Unknown graphics extension: .eps.

See the LaTeX manual or LaTeX Companion for explanation.
Type  H <return>  for immediate help.
 ...                                              
                                                  
l.1155 ...th=0.32\textwidth]{./graphic/p_leaf.eps}
                                                  
Try typing  <return>  to proceed.
If that doesn't work, type  X <return>  to quit.


! LaTeX Error: Unknown graphics extension: .eps.

See the LaTeX manual or LaTeX Companion for explanation.
Type  H <return>  for immediate help.
 ...                                              
                                                  
l.1156 ...\textwidth]{./graphic/rectangle_3pi.eps}
                                                  
Try typing  <return>  to proceed.
If that doesn't work, type  X <return>  to quit.


! LaTeX Error: Unknown graphics extension: .eps.

See the LaTeX manual or LaTeX Companion for explanation.
Type  H <return>  for immediate help.
 ...                                              
                                                  
l.1157 ...\textwidth]{./graphic/rectangle_5pi.eps}
                                                  
Try typing  <return>  to proceed.
If that doesn't work, type  X <return>  to quit.


! LaTeX Error: Unknown graphics extension: .eps.

See the LaTeX manual or LaTeX Companion for explanation.
Type  H <return>  for immediate help.
 ...                                              
                                                  
l.1158 ...0.32\textwidth]{./graphic/rectangle.eps}
                                                  
Try typing  <return>  to proceed.
If that doesn't work, type  X <return>  to quit.

Missing character: There is no â in font cmr12!
Missing character: There is no ˆ in font cmr12!
Missing character: There is no ’ in font cmr12!
Missing character: There is no â in font cmr12!
Missing character: There is no ˆ in font cmr12!
Missing character: There is no ’ in font cmr12!

! LaTeX Error: Unknown graphics extension: .eps.

See the LaTeX manual or LaTeX Companion for explanation.
Type  H <return>  for immediate help.
 ...                                              
                                                  
l.1173 ...height]{./graphic/bi_circle_profile.eps}
                                                  
Try typing  <return>  to proceed.
If that doesn't work, type  X <return>  to quit.


! LaTeX Error: Unknown graphics extension: .eps.

See the LaTeX manual or LaTeX Companion for explanation.
Type  H <return>  for immediate help.
 ...                                              
                                                  
l.1174 ...\textwidth]{./graphic/bi_circle_3pi.eps}
                                                  
Try typing  <return>  to proceed.
If that doesn't work, type  X <return>  to quit.


! LaTeX Error: Unknown graphics extension: .eps.

See the LaTeX manual or LaTeX Companion for explanation.
Type  H <return>  for immediate help.
 ...                                              
                                                  
l.1175 ...0.32\textwidth]{./graphic/bi_circle.eps}
                                                  
Try typing  <return>  to proceed.
If that doesn't work, type  X <return>  to quit.

[23]

! LaTeX Error: Unknown graphics extension: .eps.

See the LaTeX manual or LaTeX Companion for explanation.
Type  H <return>  for immediate help.
 ...                                              
                                                  
l.1183 ...graphic/circle_0_4_peanut_1_profile.eps}
                                                  
Try typing  <return>  to proceed.
If that doesn't work, type  X <return>  to quit.


! LaTeX Error: Unknown graphics extension: .eps.

See the LaTeX manual or LaTeX Companion for explanation.
Type  H <return>  for immediate help.
 ...                                              
                                                  
l.1184 ..../graphic/circle_0_4_peanut_1_3pi_1.eps}
                                                  
Try typing  <return>  to proceed.
If that doesn't work, type  X <return>  to quit.


! LaTeX Error: Unknown graphics extension: .eps.

See the LaTeX manual or LaTeX Companion for explanation.
Type  H <return>  for immediate help.
 ...                                              
                                                  
l.1185 ...graphic/circle_0_4_peanut_1_multi_1.eps}
                                                  
Try typing  <return>  to proceed.
If that doesn't work, type  X <return>  to quit.


! LaTeX Error: Unknown graphics extension: .eps.

See the LaTeX manual or LaTeX Companion for explanation.
Type  H <return>  for immediate help.
 ...                                              
                                                  
l.1203 ...dth]{./graphic/bi_circle_4pi_error2.eps}
                                                  
Try typing  <return>  to proceed.
If that doesn't work, type  X <return>  to quit.


! LaTeX Error: Unknown graphics extension: .eps.

See the LaTeX manual or LaTeX Companion for explanation.
Type  H <return>  for immediate help.
 ...                                              
                                                  
l.1204 ...dth]{./graphic/bi_circle_4pi_error4.eps}
                                                  
Try typing  <return>  to proceed.
If that doesn't work, type  X <return>  to quit.


! LaTeX Error: Unknown graphics extension: .eps.

See the LaTeX manual or LaTeX Companion for explanation.
Type  H <return>  for immediate help.
 ...                                              
                                                  
l.1205 ...dth]{./graphic/bi_circle_4pi_error6.eps}
                                                  
Try typing  <return>  to proceed.
If that doesn't work, type  X <return>  to quit.


! LaTeX Error: Unknown graphics extension: .eps.

See the LaTeX manual or LaTeX Companion for explanation.
Type  H <return>  for immediate help.
 ...                                              
                                                  
l.1206 .../graphic/bi_circle_multi_2_8_error2.eps}
                                                  
Try typing  <return>  to proceed.
If that doesn't work, type  X <return>  to quit.


! LaTeX Error: Unknown graphics extension: .eps.

See the LaTeX manual or LaTeX Companion for explanation.
Type  H <return>  for immediate help.
 ...                                              
                                                  
l.1207 .../graphic/bi_circle_multi_2_8_error4.eps}
                                                  
Try typing  <return>  to proceed.
If that doesn't work, type  X <return>  to quit.


! LaTeX Error: Unknown graphics extension: .eps.

See the LaTeX manual or LaTeX Companion for explanation.
Type  H <return>  for immediate help.
 ...                                              
                                                  
l.1208 .../graphic/bi_circle_multi_2_8_error6.eps}
                                                  
Try typing  <return>  to proceed.
If that doesn't work, type  X <return>  to quit.

[24]
Underfull \hbox (badness 10000) in paragraph at lines 1243--1246

 []


Underfull \hbox (badness 10000) in paragraph at lines 1251--1254

 []

[25] [26]
Underfull \hbox (badness 10000) in paragraph at lines 1334--1337

 []

[27]
Overfull \hbox (37.11182pt too wide) in alignment at lines 1344--1346
 [] [] [] [] 
 []


Underfull \hbox (badness 10000) in paragraph at lines 1366--1369

 []

[28]
Underfull \hbox (badness 10000) in paragraph at lines 1427--1430

 []

[29] [30] (C:\Users\zhoushiqi\Desktop\github\my-paper\RTM_half_elastic_v5.aux)

LaTeX Warning: There were undefined references.


LaTeX Warning: Label(s) may have changed. Rerun to get cross-references right.

 ) 
Here is how much of TeX's memory you used:
 2240 strings out of 495354
 25158 string characters out of 3183860
 87025 words of memory out of 3000000
 5359 multiletter control sequences out of 15000+200000
 16373 words of font info for 67 fonts, out of 3000000 for 9000
 14 hyphenation exceptions out of 8191
 34i,14n,24p,739b,366s stack positions out of 5000i,500n,10000p,200000b,50000s
<C:/CTEX/MiKTeX/fonts/type1/public/amsfonts/cm/cmbx10.pfb><C:/CTEX/MiKTeX/fon
ts/type1/public/amsfonts/cm/cmbx12.pfb><C:/CTEX/MiKTeX/fonts/type1/public/amsfo
nts/cm/cmbx8.pfb><C:/CTEX/MiKTeX/fonts/type1/public/amsfonts/cm/cmcsc10.pfb><C:
/CTEX/MiKTeX/fonts/type1/public/amsfonts/cm/cmex10.pfb><C:/CTEX/MiKTeX/fonts/ty
pe1/public/amsfonts/cm/cmmi10.pfb><C:/CTEX/MiKTeX/fonts/type1/public/amsfonts/c
m/cmmi12.pfb><C:/CTEX/MiKTeX/fonts/type1/public/amsfonts/cm/cmmi6.pfb><C:/CTEX/
MiKTeX/fonts/type1/public/amsfonts/cm/cmmi7.pfb><C:/CTEX/MiKTeX/fonts/type1/pub
lic/amsfonts/cm/cmmi8.pfb><C:/CTEX/MiKTeX/fonts/type1/public/amsfonts/cm/cmr10.
pfb><C:/CTEX/MiKTeX/fonts/type1/public/amsfonts/cm/cmr12.pfb><C:/CTEX/MiKTeX/fo
nts/type1/public/amsfonts/cm/cmr6.pfb><C:/CTEX/MiKTeX/fonts/type1/public/amsfon
ts/cm/cmr8.pfb><C:/CTEX/MiKTeX/fonts/type1/public/amsfonts/cm/cmsy10.pfb><C:/CT
EX/MiKTeX/fonts/type1/public/amsfonts/cm/cmsy6.pfb><C:/CTEX/MiKTeX/fonts/type1/
public/amsfonts/cm/cmsy8.pfb><C:/CTEX/MiKTeX/fonts/type1/public/amsfonts/cm/cmt
i10.pfb><C:/CTEX/MiKTeX/fonts/type1/public/amsfonts/cm/cmti12.pfb><C:/CTEX/MiKT
eX/fonts/type1/public/amsfonts/cm/cmtt10.pfb><C:/CTEX/MiKTeX/fonts/type1/public
/amsfonts/latxfont/lasy10.pfb><C:/CTEX/MiKTeX/fonts/type1/public/amsfonts/symbo
ls/msbm10.pfb>
Output written on RTM_half_elastic_v5.pdf (30 pages, 464747 bytes).
PDF statistics:
 189 PDF objects out of 1000 (max. 8388607)
 0 named destinations out of 1000 (max. 500000)
 6 words of extra memory for PDF output out of 10000 (max. 10000000)

