This is pdfTeX, Version 3.14159265-2.6-1.40.17 (TeX Live 2016) (preloaded format=pdflatex 2016.11.30)  13 MAY 2018 11:00
entering extended mode
 restricted \write18 enabled.
 %&-line parsing enabled.
**RTM_half_elastic_v4.tex
(./RTM_half_elastic_v4.tex
LaTeX2e <2016/03/31>
Babel <3.9r> and hyphenation patterns for 83 language(s) loaded.
(./iopart.cls
Document Class: iopart 1996/06/10 v0.0 IOP Journals LaTeX article class
(./iopart12.clo
File: iopart12.clo 1997/01/15 v1.0 LaTeX2e file (size option)
)
\c@jnl=\count79
\c@section=\count80
\c@subsection=\count81
\c@subsubsection=\count82
\c@paragraph=\count83
\c@subparagraph=\count84
\c@figure=\count85
\c@table=\count86
\abovecaptionskip=\skip41
\belowcaptionskip=\skip42
\indentedwidth=\skip43
\mathindent=\dimen102
\c@eqnval=\count87
) (./iopams.sty
Package: iopams 1997/02/13 v1.0

(/usr/local/texlive/2016/texmf-dist/tex/latex/amsmath/amsgen.sty
File: amsgen.sty 1999/11/30 v2.0 generic functions
\@emptytoks=\toks14
\ex@=\dimen103
)
(/usr/local/texlive/2016/texmf-dist/tex/latex/amsfonts/amsfonts.sty
Package: amsfonts 2013/01/14 v3.01 Basic AMSFonts support
\symAMSa=\mathgroup4
\symAMSb=\mathgroup5
LaTeX Font Info:    Overwriting math alphabet `\mathfrak' in version `bold'
(Font)                  U/euf/m/n --> U/euf/b/n on input line 106.
)
(/usr/local/texlive/2016/texmf-dist/tex/latex/amsfonts/amssymb.sty
Package: amssymb 2013/01/14 v3.01 AMS font symbols
)
(/usr/local/texlive/2016/texmf-dist/tex/latex/amsmath/amsbsy.sty
Package: amsbsy 1999/11/29 v1.2d Bold Symbols
\pmbraise@=\dimen104
))
(/usr/local/texlive/2016/texmf-dist/tex/latex/graphics/epsfig.sty
Package: epsfig 1999/02/16 v1.7a (e)psfig emulation (SPQR)

(/usr/local/texlive/2016/texmf-dist/tex/latex/graphics/graphicx.sty
Package: graphicx 2014/10/28 v1.0g Enhanced LaTeX Graphics (DPC,SPQR)

(/usr/local/texlive/2016/texmf-dist/tex/latex/graphics/keyval.sty
Package: keyval 2014/10/28 v1.15 key=value parser (DPC)
\KV@toks@=\toks15
)
(/usr/local/texlive/2016/texmf-dist/tex/latex/graphics/graphics.sty
Package: graphics 2016/05/09 v1.0r Standard LaTeX Graphics (DPC,SPQR)

(/usr/local/texlive/2016/texmf-dist/tex/latex/graphics/trig.sty
Package: trig 2016/01/03 v1.10 sin cos tan (DPC)
)
(/usr/local/texlive/2016/texmf-dist/tex/latex/graphics-cfg/graphics.cfg
File: graphics.cfg 2016/01/02 v1.10 sample graphics configuration
)
Package graphics Info: Driver file: pdftex.def on input line 96.

(/usr/local/texlive/2016/texmf-dist/tex/latex/pdftex-def/pdftex.def
File: pdftex.def 2011/05/27 v0.06d Graphics/color for pdfTeX

(/usr/local/texlive/2016/texmf-dist/tex/generic/oberdiek/infwarerr.sty
Package: infwarerr 2016/05/16 v1.4 Providing info/warning/error messages (HO)
)
(/usr/local/texlive/2016/texmf-dist/tex/generic/oberdiek/ltxcmds.sty
Package: ltxcmds 2016/05/16 v1.23 LaTeX kernel commands for general use (HO)
)
\Gread@gobject=\count88
))
\Gin@req@height=\dimen105
\Gin@req@width=\dimen106
)
\epsfxsize=\dimen107
\epsfysize=\dimen108
)
(/usr/local/texlive/2016/texmf-dist/tex/latex/base/latexsym.sty
Package: latexsym 1998/08/17 v2.2e Standard LaTeX package (lasy symbols)
\symlasy=\mathgroup6
LaTeX Font Info:    Overwriting symbol font `lasy' in version `bold'
(Font)                  U/lasy/m/n --> U/lasy/b/n on input line 52.
)
(/usr/local/texlive/2016/texmf-dist/tex/latex/tools/showkeys.sty
Package: showkeys 2014/10/28 v3.17 Show cite and label keys (DPC, MH)
)
(/usr/local/texlive/2016/texmf-dist/tex/latex/graphics/color.sty
Package: color 2016/05/09 v1.1c Standard LaTeX Color (DPC)

(/usr/local/texlive/2016/texmf-dist/tex/latex/graphics-cfg/color.cfg
File: color.cfg 2016/01/02 v1.6 sample color configuration
)
Package color Info: Driver file: pdftex.def on input line 144.
)
(./RTM_half_elastic_v4.aux

LaTeX Warning: Label `resolution2' multiply defined.

)
\openout1 = `RTM_half_elastic_v4.aux'.

LaTeX Font Info:    Checking defaults for OML/cmm/m/it on input line 16.
LaTeX Font Info:    ... okay on input line 16.
LaTeX Font Info:    Checking defaults for T1/cmr/m/n on input line 16.
LaTeX Font Info:    ... okay on input line 16.
LaTeX Font Info:    Checking defaults for OT1/cmr/m/n on input line 16.
LaTeX Font Info:    ... okay on input line 16.
LaTeX Font Info:    Checking defaults for OMS/cmsy/m/n on input line 16.
LaTeX Font Info:    ... okay on input line 16.
LaTeX Font Info:    Checking defaults for OMX/cmex/m/n on input line 16.
LaTeX Font Info:    ... okay on input line 16.
LaTeX Font Info:    Checking defaults for U/cmr/m/n on input line 16.
LaTeX Font Info:    ... okay on input line 16.
 (/usr/local/texlive/2016/texmf-dist/tex/context/base/mkii/supp-pdf.mkii
[Loading MPS to PDF converter (version 2006.09.02).]
\scratchcounter=\count89
\scratchdimen=\dimen109
\scratchbox=\box26
\nofMPsegments=\count90
\nofMParguments=\count91
\everyMPshowfont=\toks16
\MPscratchCnt=\count92
\MPscratchDim=\dimen110
\MPnumerator=\count93
\makeMPintoPDFobject=\count94
\everyMPtoPDFconversion=\toks17
) (/usr/local/texlive/2016/texmf-dist/tex/generic/oberdiek/pdftexcmds.sty
Package: pdftexcmds 2016/05/10 v0.21 Utility functions of pdfTeX for LuaTeX (HO
)

(/usr/local/texlive/2016/texmf-dist/tex/generic/oberdiek/ifluatex.sty
Package: ifluatex 2016/05/16 v1.4 Provides the ifluatex switch (HO)
Package ifluatex Info: LuaTeX not detected.
)
(/usr/local/texlive/2016/texmf-dist/tex/generic/oberdiek/ifpdf.sty
Package: ifpdf 2016/05/14 v3.1 Provides the ifpdf switch
)
Package pdftexcmds Info: LuaTeX not detected.
Package pdftexcmds Info: \pdf@primitive is available.
Package pdftexcmds Info: \pdf@ifprimitive is available.
Package pdftexcmds Info: \pdfdraftmode found.
)
(/usr/local/texlive/2016/texmf-dist/tex/latex/oberdiek/epstopdf-base.sty
Package: epstopdf-base 2016/05/15 v2.6 Base part for package epstopdf

(/usr/local/texlive/2016/texmf-dist/tex/latex/oberdiek/grfext.sty
Package: grfext 2016/05/16 v1.2 Manage graphics extensions (HO)

(/usr/local/texlive/2016/texmf-dist/tex/generic/oberdiek/kvdefinekeys.sty
Package: kvdefinekeys 2016/05/16 v1.4 Define keys (HO)
))
(/usr/local/texlive/2016/texmf-dist/tex/latex/oberdiek/kvoptions.sty
Package: kvoptions 2016/05/16 v3.12 Key value format for package options (HO)

(/usr/local/texlive/2016/texmf-dist/tex/generic/oberdiek/kvsetkeys.sty
Package: kvsetkeys 2016/05/16 v1.17 Key value parser (HO)

(/usr/local/texlive/2016/texmf-dist/tex/generic/oberdiek/etexcmds.sty
Package: etexcmds 2016/05/16 v1.6 Avoid name clashes with e-TeX commands (HO)
Package etexcmds Info: Could not find \expanded.
(etexcmds)             That can mean that you are not using pdfTeX 1.50 or
(etexcmds)             that some package has redefined \expanded.
(etexcmds)             In the latter case, load this package earlier.
)))
Package grfext Info: Graphics extension search list:
(grfext)             [.png,.pdf,.jpg,.mps,.jpeg,.jbig2,.jb2,.PNG,.PDF,.JPG,.JPE
G,.JBIG2,.JB2,.eps]
(grfext)             \AppendGraphicsExtensions on input line 456.

(/usr/local/texlive/2016/texmf-dist/tex/latex/latexconfig/epstopdf-sys.cfg
File: epstopdf-sys.cfg 2010/07/13 v1.3 Configuration of (r)epstopdf for TeX Liv
e
))
[1

{/usr/local/texlive/2016/texmf-var/fonts/map/pdftex/updmap/pdftex.map}]
\c@lem=\count95
\c@prop=\count96
\c@cor=\count97
\c@thm=\count98
\c@rem=\count99
\c@alg=\count100
\c@assum=\count101
\c@definition=\count102
\c@RomanNumber=\count103
LaTeX Font Info:    Try loading font information for U+msa on input line 173.

(/usr/local/texlive/2016/texmf-dist/tex/latex/amsfonts/umsa.fd
File: umsa.fd 2013/01/14 v3.01 AMS symbols A
)
LaTeX Font Info:    Try loading font information for U+msb on input line 173.

(/usr/local/texlive/2016/texmf-dist/tex/latex/amsfonts/umsb.fd
File: umsb.fd 2013/01/14 v3.01 AMS symbols B
)
LaTeX Font Info:    Try loading font information for U+lasy on input line 173.

(/usr/local/texlive/2016/texmf-dist/tex/latex/base/ulasy.fd
File: ulasy.fd 1998/08/17 v2.2e LaTeX symbol font definitions
)
Underfull \hbox (badness 1127) in paragraph at lines 196--205
\OT1/cmr/m/n/12 the complex conjugated data into the background medium and comp
uting the
 []

[2]
Overfull \hbox (9.09196pt too wide) in alignment at lines 238--248
 [] [] [] [] 
 []

[3]

LaTeX Warning: Reference `q1' on page 4 undefined on input line 297.

[4]
Underfull \hbox (badness 10000) in paragraph at lines 313--316

 []

[5] [6]
Underfull \hbox (badness 10000) in paragraph at lines 444--447

 []

[7]
Overfull \hbox (13.59048pt too wide) in alignment at lines 471--476
 [] [] [] [] 
 []


Overfull \hbox (94.29323pt too wide) in alignment at lines 483--491
 [] [] [] [] 
 []

[8]
Underfull \hbox (badness 10000) in paragraph at lines 504--507

 []

[9]
Underfull \hbox (badness 10000) in paragraph at lines 541--546

 []

<./graphic/transfor.png, id=49, 540.51938pt x 423.83344pt>
File: ./graphic/transfor.png Graphic file (type png)

<use ./graphic/transfor.png>
Package pdftex.def Info: ./graphic/transfor.png used on input line 564.
(pdftex.def)             Requested size: 267.8427pt x 210.02777pt.

Underfull \hbox (badness 10000) in paragraph at lines 568--571

 []

[10] [11 <./graphic/transfor.png>]
Underfull \hbox (badness 10000) in paragraph at lines 615--617

 []

[12] [13]
Overfull \hbox (10.58636pt too wide) in alignment at lines 706--709
 [] [] [] [] 
 []

[14] [15] [16]
Overfull \hbox (13.56665pt too wide) in alignment at lines 848--850
 [] [] [] [] 
 []

[17]
Overfull \hbox (80.5472pt too wide) in alignment at lines 886--891
 [] [] [] [] 
 []

[18]
Overfull \hbox (6.71553pt too wide) in alignment at lines 901--907
 [] [] [] [] 
 []


Underfull \hbox (badness 10000) in paragraph at lines 912--915

 []


Underfull \hbox (badness 10000) in paragraph at lines 935--938

 []

[19] [20]
Underfull \hbox (badness 10000) in paragraph at lines 1032--1035

 []

[21]
Overfull \hbox (8.60733pt too wide) in alignment at lines 1072--1077
 [] [] [] [] 
 []

[22] [23]
Missing character: There is no â in font cmr12!
Missing character: There is no ˆ in font cmr12!
Missing character: There is no ’ in font cmr12!
Package epstopdf Info: Source file: <./graphic/peanut_3pi.eps>
(epstopdf)                    date: 2017-12-12 14:48:11
(epstopdf)                    size: 58482 bytes
(epstopdf)             Output file: <./graphic/peanut_3pi-eps-converted-to.pdf>

(epstopdf)                    date: 2017-12-12 14:48:11
(epstopdf)                    size: 19981 bytes
(epstopdf)             Command: <repstopdf --outfile=./graphic/peanut_3pi-eps-c
onverted-to.pdf ./graphic/peanut_3pi.eps>
(epstopdf)             \includegraphics on input line 1143.
Package epstopdf Info: Output file is already uptodate.

<./graphic/peanut_3pi-eps-converted-to.pdf, id=99, 418.56375pt x 314.17375pt>
File: ./graphic/peanut_3pi-eps-converted-to.pdf Graphic file (type pdf)

<use ./graphic/peanut_3pi-eps-converted-to.pdf>
Package pdftex.def Info: ./graphic/peanut_3pi-eps-converted-to.pdf used on inpu
t line 1143.
(pdftex.def)             Requested size: 107.13844pt x 80.41765pt.
Package epstopdf Info: Source file: <./graphic/peanut_3pi_neumann.eps>
(epstopdf)                    date: 2017-12-21 21:39:55
(epstopdf)                    size: 59342 bytes
(epstopdf)             Output file: <./graphic/peanut_3pi_neumann-eps-converted
-to.pdf>
(epstopdf)                    date: 2017-12-28 21:42:13
(epstopdf)                    size: 23117 bytes
(epstopdf)             Command: <repstopdf --outfile=./graphic/peanut_3pi_neuma
nn-eps-converted-to.pdf ./graphic/peanut_3pi_neumann.eps>
(epstopdf)             \includegraphics on input line 1144.
Package epstopdf Info: Output file is already uptodate.

<./graphic/peanut_3pi_neumann-eps-converted-to.pdf, id=100, 418.56375pt x 314.1
7375pt>
File: ./graphic/peanut_3pi_neumann-eps-converted-to.pdf Graphic file (type pdf)

 <use ./graphic/peanut_3pi_neumann-eps-converted-to.pdf>
Package pdftex.def Info: ./graphic/peanut_3pi_neumann-eps-converted-to.pdf used
 on input line 1144.
(pdftex.def)             Requested size: 107.13844pt x 80.41765pt.
Package epstopdf Info: Source file: <./graphic/peanut_3pi_impedance_1.eps>
(epstopdf)                    date: 2017-12-28 18:50:28
(epstopdf)                    size: 58248 bytes
(epstopdf)             Output file: <./graphic/peanut_3pi_impedance_1-eps-conve
rted-to.pdf>
(epstopdf)                    date: 2017-12-28 21:42:14
(epstopdf)                    size: 21957 bytes
(epstopdf)             Command: <repstopdf --outfile=./graphic/peanut_3pi_imped
ance_1-eps-converted-to.pdf ./graphic/peanut_3pi_impedance_1.eps>
(epstopdf)             \includegraphics on input line 1145.
Package epstopdf Info: Output file is already uptodate.

<./graphic/peanut_3pi_impedance_1-eps-converted-to.pdf, id=101, 418.56375pt x 3
14.17375pt>
File: ./graphic/peanut_3pi_impedance_1-eps-converted-to.pdf Graphic file (type 
pdf)
 <use ./graphic/peanut_3pi_impedance_1-eps-converted-to.pdf>
Package pdftex.def Info: ./graphic/peanut_3pi_impedance_1-eps-converted-to.pdf 
used on input line 1145.
(pdftex.def)             Requested size: 107.13844pt x 80.41765pt.
Package epstopdf Info: Source file: <./graphic/peanut_3pi_transmission.eps>
(epstopdf)                    date: 2017-12-28 18:50:28
(epstopdf)                    size: 53258 bytes
(epstopdf)             Output file: <./graphic/peanut_3pi_transmission-eps-conv
erted-to.pdf>
(epstopdf)                    date: 2017-12-28 21:42:14
(epstopdf)                    size: 21134 bytes
(epstopdf)             Command: <repstopdf --outfile=./graphic/peanut_3pi_trans
mission-eps-converted-to.pdf ./graphic/peanut_3pi_transmission.eps>
(epstopdf)             \includegraphics on input line 1146.
Package epstopdf Info: Output file is already uptodate.

<./graphic/peanut_3pi_transmission-eps-converted-to.pdf, id=102, 418.56375pt x 
314.17375pt>
File: ./graphic/peanut_3pi_transmission-eps-converted-to.pdf Graphic file (type
 pdf)
 <use ./graphic/peanut_3pi_transmission-eps-converted-to.pdf>
Package pdftex.def Info: ./graphic/peanut_3pi_transmission-eps-converted-to.pdf
 used on input line 1146.
(pdftex.def)             Requested size: 107.13844pt x 80.41765pt.
Missing character: There is no â in font cmr12!
Missing character: There is no ˆ in font cmr12!
Missing character: There is no ’ in font cmr12!
Package epstopdf Info: Source file: <./graphic/circle_3pi.eps>
(epstopdf)                    date: 2017-12-12 14:48:11
(epstopdf)                    size: 56486 bytes
(epstopdf)             Output file: <./graphic/circle_3pi-eps-converted-to.pdf>

(epstopdf)                    date: 2017-12-12 14:48:11
(epstopdf)                    size: 19157 bytes
(epstopdf)             Command: <repstopdf --outfile=./graphic/circle_3pi-eps-c
onverted-to.pdf ./graphic/circle_3pi.eps>
(epstopdf)             \includegraphics on input line 1164.
Package epstopdf Info: Output file is already uptodate.

<./graphic/circle_3pi-eps-converted-to.pdf, id=103, 418.56375pt x 314.17375pt>
File: ./graphic/circle_3pi-eps-converted-to.pdf Graphic file (type pdf)

<use ./graphic/circle_3pi-eps-converted-to.pdf>
Package pdftex.def Info: ./graphic/circle_3pi-eps-converted-to.pdf used on inpu
t line 1164.
(pdftex.def)             Requested size: 142.85126pt x 107.22034pt.
Package epstopdf Info: Source file: <./graphic/circle_5pi.eps>
(epstopdf)                    date: 2017-12-12 14:48:11
(epstopdf)                    size: 58287 bytes
(epstopdf)             Output file: <./graphic/circle_5pi-eps-converted-to.pdf>

(epstopdf)                    date: 2017-12-12 14:48:11
(epstopdf)                    size: 20264 bytes
(epstopdf)             Command: <repstopdf --outfile=./graphic/circle_5pi-eps-c
onverted-to.pdf ./graphic/circle_5pi.eps>
(epstopdf)             \includegraphics on input line 1165.
Package epstopdf Info: Output file is already uptodate.

<./graphic/circle_5pi-eps-converted-to.pdf, id=104, 418.56375pt x 314.17375pt>
File: ./graphic/circle_5pi-eps-converted-to.pdf Graphic file (type pdf)

<use ./graphic/circle_5pi-eps-converted-to.pdf>
Package pdftex.def Info: ./graphic/circle_5pi-eps-converted-to.pdf used on inpu
t line 1165.
(pdftex.def)             Requested size: 142.85126pt x 107.22034pt.
Package epstopdf Info: Source file: <./graphic/circle.eps>
(epstopdf)                    date: 2017-12-12 14:48:11
(epstopdf)                    size: 30590 bytes
(epstopdf)             Output file: <./graphic/circle-eps-converted-to.pdf>
(epstopdf)                    date: 2017-12-12 14:48:11
(epstopdf)                    size: 11486 bytes
(epstopdf)             Command: <repstopdf --outfile=./graphic/circle-eps-conve
rted-to.pdf ./graphic/circle.eps>
(epstopdf)             \includegraphics on input line 1166.
Package epstopdf Info: Output file is already uptodate.

<./graphic/circle-eps-converted-to.pdf, id=105, 418.56375pt x 314.17375pt>
File: ./graphic/circle-eps-converted-to.pdf Graphic file (type pdf)

<use ./graphic/circle-eps-converted-to.pdf>
Package pdftex.def Info: ./graphic/circle-eps-converted-to.pdf used on input li
ne 1166.
(pdftex.def)             Requested size: 142.85126pt x 107.22034pt.
Package epstopdf Info: Source file: <./graphic/peanut_3pi.eps>
(epstopdf)                    date: 2017-12-12 14:48:11
(epstopdf)                    size: 58482 bytes
(epstopdf)             Output file: <./graphic/peanut_3pi-eps-converted-to.pdf>

(epstopdf)                    date: 2017-12-12 14:48:11
(epstopdf)                    size: 19981 bytes
(epstopdf)             Command: <repstopdf --outfile=./graphic/peanut_3pi-eps-c
onverted-to.pdf ./graphic/peanut_3pi.eps>
(epstopdf)             \includegraphics on input line 1167.
Package epstopdf Info: Output file is already uptodate.
File: ./graphic/peanut_3pi-eps-converted-to.pdf Graphic file (type pdf)

<use ./graphic/peanut_3pi-eps-converted-to.pdf>
Package pdftex.def Info: ./graphic/peanut_3pi-eps-converted-to.pdf used on inpu
t line 1167.
(pdftex.def)             Requested size: 142.85126pt x 107.22034pt.
Package epstopdf Info: Source file: <./graphic/peanut_5pi.eps>
(epstopdf)                    date: 2017-12-12 14:48:11
(epstopdf)                    size: 60324 bytes
(epstopdf)             Output file: <./graphic/peanut_5pi-eps-converted-to.pdf>

(epstopdf)                    date: 2017-12-12 14:48:11
(epstopdf)                    size: 21898 bytes
(epstopdf)             Command: <repstopdf --outfile=./graphic/peanut_5pi-eps-c
onverted-to.pdf ./graphic/peanut_5pi.eps>
(epstopdf)             \includegraphics on input line 1168.
Package epstopdf Info: Output file is already uptodate.

<./graphic/peanut_5pi-eps-converted-to.pdf, id=106, 418.56375pt x 314.17375pt>
File: ./graphic/peanut_5pi-eps-converted-to.pdf Graphic file (type pdf)

<use ./graphic/peanut_5pi-eps-converted-to.pdf>
Package pdftex.def Info: ./graphic/peanut_5pi-eps-converted-to.pdf used on inpu
t line 1168.
(pdftex.def)             Requested size: 142.85126pt x 107.22034pt.
Package epstopdf Info: Source file: <./graphic/peanut.eps>
(epstopdf)                    date: 2017-12-12 14:48:11
(epstopdf)                    size: 30388 bytes
(epstopdf)             Output file: <./graphic/peanut-eps-converted-to.pdf>
(epstopdf)                    date: 2017-12-12 14:48:11
(epstopdf)                    size: 11680 bytes
(epstopdf)             Command: <repstopdf --outfile=./graphic/peanut-eps-conve
rted-to.pdf ./graphic/peanut.eps>
(epstopdf)             \includegraphics on input line 1169.
Package epstopdf Info: Output file is already uptodate.

<./graphic/peanut-eps-converted-to.pdf, id=107, 418.56375pt x 314.17375pt>
File: ./graphic/peanut-eps-converted-to.pdf Graphic file (type pdf)

<use ./graphic/peanut-eps-converted-to.pdf>
Package pdftex.def Info: ./graphic/peanut-eps-converted-to.pdf used on input li
ne 1169.
(pdftex.def)             Requested size: 142.85126pt x 107.22034pt.
Package epstopdf Info: Source file: <./graphic/p_leaf_3pi.eps>
(epstopdf)                    date: 2017-12-12 14:48:11
(epstopdf)                    size: 58693 bytes
(epstopdf)             Output file: <./graphic/p_leaf_3pi-eps-converted-to.pdf>

(epstopdf)                    date: 2017-12-12 14:48:11
(epstopdf)                    size: 20429 bytes
(epstopdf)             Command: <repstopdf --outfile=./graphic/p_leaf_3pi-eps-c
onverted-to.pdf ./graphic/p_leaf_3pi.eps>
(epstopdf)             \includegraphics on input line 1170.
Package epstopdf Info: Output file is already uptodate.

<./graphic/p_leaf_3pi-eps-converted-to.pdf, id=108, 418.56375pt x 314.17375pt>
File: ./graphic/p_leaf_3pi-eps-converted-to.pdf Graphic file (type pdf)

<use ./graphic/p_leaf_3pi-eps-converted-to.pdf>
Package pdftex.def Info: ./graphic/p_leaf_3pi-eps-converted-to.pdf used on inpu
t line 1170.
(pdftex.def)             Requested size: 142.85126pt x 107.22034pt.
Package epstopdf Info: Source file: <./graphic/p_leaf_5pi.eps>
(epstopdf)                    date: 2017-12-12 14:48:11
(epstopdf)                    size: 60785 bytes
(epstopdf)             Output file: <./graphic/p_leaf_5pi-eps-converted-to.pdf>

(epstopdf)                    date: 2017-12-12 14:48:11
(epstopdf)                    size: 22157 bytes
(epstopdf)             Command: <repstopdf --outfile=./graphic/p_leaf_5pi-eps-c
onverted-to.pdf ./graphic/p_leaf_5pi.eps>
(epstopdf)             \includegraphics on input line 1171.
Package epstopdf Info: Output file is already uptodate.

<./graphic/p_leaf_5pi-eps-converted-to.pdf, id=109, 418.56375pt x 314.17375pt>
File: ./graphic/p_leaf_5pi-eps-converted-to.pdf Graphic file (type pdf)

<use ./graphic/p_leaf_5pi-eps-converted-to.pdf>
Package pdftex.def Info: ./graphic/p_leaf_5pi-eps-converted-to.pdf used on inpu
t line 1171.
(pdftex.def)             Requested size: 142.85126pt x 107.22034pt.
Package epstopdf Info: Source file: <./graphic/p_leaf.eps>
(epstopdf)                    date: 2017-12-12 14:48:11
(epstopdf)                    size: 33176 bytes
(epstopdf)             Output file: <./graphic/p_leaf-eps-converted-to.pdf>
(epstopdf)                    date: 2017-12-12 14:48:11
(epstopdf)                    size: 12414 bytes
(epstopdf)             Command: <repstopdf --outfile=./graphic/p_leaf-eps-conve
rted-to.pdf ./graphic/p_leaf.eps>
(epstopdf)             \includegraphics on input line 1172.
Package epstopdf Info: Output file is already uptodate.

<./graphic/p_leaf-eps-converted-to.pdf, id=110, 350.30875pt x 257.96375pt>
File: ./graphic/p_leaf-eps-converted-to.pdf Graphic file (type pdf)

<use ./graphic/p_leaf-eps-converted-to.pdf>
Package pdftex.def Info: ./graphic/p_leaf-eps-converted-to.pdf used on input li
ne 1172.
(pdftex.def)             Requested size: 142.85126pt x 105.19505pt.
Package epstopdf Info: Source file: <./graphic/rectangle_3pi.eps>
(epstopdf)                    date: 2017-12-12 14:48:11
(epstopdf)                    size: 46426 bytes
(epstopdf)             Output file: <./graphic/rectangle_3pi-eps-converted-to.p
df>
(epstopdf)                    date: 2017-12-12 14:48:11
(epstopdf)                    size: 16083 bytes
(epstopdf)             Command: <repstopdf --outfile=./graphic/rectangle_3pi-ep
s-converted-to.pdf ./graphic/rectangle_3pi.eps>
(epstopdf)             \includegraphics on input line 1173.
Package epstopdf Info: Output file is already uptodate.

<./graphic/rectangle_3pi-eps-converted-to.pdf, id=111, 418.56375pt x 314.17375p
t>
File: ./graphic/rectangle_3pi-eps-converted-to.pdf Graphic file (type pdf)
 <use ./graphic/rectangle_3pi-eps-converted-to.pdf>
Package pdftex.def Info: ./graphic/rectangle_3pi-eps-converted-to.pdf used on i
nput line 1173.
(pdftex.def)             Requested size: 142.85126pt x 107.22034pt.
Package epstopdf Info: Source file: <./graphic/rectangle_5pi.eps>
(epstopdf)                    date: 2017-12-12 14:48:11
(epstopdf)                    size: 50558 bytes
(epstopdf)             Output file: <./graphic/rectangle_5pi-eps-converted-to.p
df>
(epstopdf)                    date: 2017-12-12 14:48:11
(epstopdf)                    size: 17029 bytes
(epstopdf)             Command: <repstopdf --outfile=./graphic/rectangle_5pi-ep
s-converted-to.pdf ./graphic/rectangle_5pi.eps>
(epstopdf)             \includegraphics on input line 1174.
Package epstopdf Info: Output file is already uptodate.

<./graphic/rectangle_5pi-eps-converted-to.pdf, id=112, 418.56375pt x 314.17375p
t>
File: ./graphic/rectangle_5pi-eps-converted-to.pdf Graphic file (type pdf)
 <use ./graphic/rectangle_5pi-eps-converted-to.pdf>
Package pdftex.def Info: ./graphic/rectangle_5pi-eps-converted-to.pdf used on i
nput line 1174.
(pdftex.def)             Requested size: 142.85126pt x 107.22034pt.
Package epstopdf Info: Source file: <./graphic/rectangle.eps>
(epstopdf)                    date: 2017-12-12 14:48:11
(epstopdf)                    size: 21709 bytes
(epstopdf)             Output file: <./graphic/rectangle-eps-converted-to.pdf>
(epstopdf)                    date: 2017-12-12 14:48:11
(epstopdf)                    size: 9122 bytes
(epstopdf)             Command: <repstopdf --outfile=./graphic/rectangle-eps-co
nverted-to.pdf ./graphic/rectangle.eps>
(epstopdf)             \includegraphics on input line 1175.
Package epstopdf Info: Output file is already uptodate.

<./graphic/rectangle-eps-converted-to.pdf, id=113, 418.56375pt x 314.17375pt>
File: ./graphic/rectangle-eps-converted-to.pdf Graphic file (type pdf)

<use ./graphic/rectangle-eps-converted-to.pdf>
Package pdftex.def Info: ./graphic/rectangle-eps-converted-to.pdf used on input
 line 1175.
(pdftex.def)             Requested size: 142.85126pt x 107.22034pt.
Missing character: There is no â in font cmr12!
Missing character: There is no ˆ in font cmr12!
Missing character: There is no ’ in font cmr12!
Missing character: There is no â in font cmr12!
Missing character: There is no ˆ in font cmr12!
Missing character: There is no ’ in font cmr12!
Package epstopdf Info: Source file: <./graphic/bi_circle_profile.eps>
(epstopdf)                    date: 2018-01-15 14:52:08
(epstopdf)                    size: 13717 bytes
(epstopdf)             Output file: <./graphic/bi_circle_profile-eps-converted-
to.pdf>
(epstopdf)                    date: 2018-01-15 14:52:08
(epstopdf)                    size: 7995 bytes
(epstopdf)             Command: <repstopdf --outfile=./graphic/bi_circle_profil
e-eps-converted-to.pdf ./graphic/bi_circle_profile.eps>
(epstopdf)             \includegraphics on input line 1190.
Package epstopdf Info: Output file is already uptodate.

<./graphic/bi_circle_profile-eps-converted-to.pdf, id=114, 365.365pt x 218.8175
pt>
File: ./graphic/bi_circle_profile-eps-converted-to.pdf Graphic file (type pdf)
 <use ./graphic/bi_circle_profile-eps-converted-to.pdf>
Package pdftex.def Info: ./graphic/bi_circle_profile-eps-converted-to.pdf used 
on input line 1190.
(pdftex.def)             Requested size: 142.84857pt x 107.522pt.
Package epstopdf Info: Source file: <./graphic/bi_circle_3pi.eps>
(epstopdf)                    date: 2018-01-15 14:52:08
(epstopdf)                    size: 107080 bytes
(epstopdf)             Output file: <./graphic/bi_circle_3pi-eps-converted-to.p
df>
(epstopdf)                    date: 2018-01-15 14:52:08
(epstopdf)                    size: 36365 bytes
(epstopdf)             Command: <repstopdf --outfile=./graphic/bi_circle_3pi-ep
s-converted-to.pdf ./graphic/bi_circle_3pi.eps>
(epstopdf)             \includegraphics on input line 1191.
Package epstopdf Info: Output file is already uptodate.

<./graphic/bi_circle_3pi-eps-converted-to.pdf, id=115, 418.56375pt x 314.17375p
t>
File: ./graphic/bi_circle_3pi-eps-converted-to.pdf Graphic file (type pdf)
 <use ./graphic/bi_circle_3pi-eps-converted-to.pdf>
Package pdftex.def Info: ./graphic/bi_circle_3pi-eps-converted-to.pdf used on i
nput line 1191.
(pdftex.def)             Requested size: 142.85126pt x 107.22034pt.
Package epstopdf Info: Source file: <./graphic/bi_circle.eps>
(epstopdf)                    date: 2017-12-12 14:48:11
(epstopdf)                    size: 77364 bytes
(epstopdf)             Output file: <./graphic/bi_circle-eps-converted-to.pdf>
(epstopdf)                    date: 2017-12-12 14:48:11
(epstopdf)                    size: 24580 bytes
(epstopdf)             Command: <repstopdf --outfile=./graphic/bi_circle-eps-co
nverted-to.pdf ./graphic/bi_circle.eps>
(epstopdf)             \includegraphics on input line 1192.
Package epstopdf Info: Output file is already uptodate.

<./graphic/bi_circle-eps-converted-to.pdf, id=116, 418.56375pt x 314.17375pt>
File: ./graphic/bi_circle-eps-converted-to.pdf Graphic file (type pdf)

<use ./graphic/bi_circle-eps-converted-to.pdf>
Package pdftex.def Info: ./graphic/bi_circle-eps-converted-to.pdf used on input
 line 1192.
(pdftex.def)             Requested size: 142.85126pt x 107.22034pt.
 [24 <./graphic/peanut_3pi-eps-converted-to.pdf> <./graphic/peanut_3pi_neumann-
eps-converted-to.pdf> <./graphic/peanut_3pi_impedance_1-eps-converted-to.pdf> <
./graphic/peanut_3pi_transmission-eps-converted-to.pdf>]
Package epstopdf Info: Source file: <./graphic/circle_0_4_peanut_1_profile.eps>

(epstopdf)                    date: 2018-01-15 14:52:08
(epstopdf)                    size: 13498 bytes
(epstopdf)             Output file: <./graphic/circle_0_4_peanut_1_profile-eps-
converted-to.pdf>
(epstopdf)                    date: 2018-01-15 14:52:08
(epstopdf)                    size: 7088 bytes
(epstopdf)             Command: <repstopdf --outfile=./graphic/circle_0_4_peanu
t_1_profile-eps-converted-to.pdf ./graphic/circle_0_4_peanut_1_profile.eps>
(epstopdf)             \includegraphics on input line 1200.
Package epstopdf Info: Output file is already uptodate.

<./graphic/circle_0_4_peanut_1_profile-eps-converted-to.pdf, id=153, 365.365pt 
x 218.8175pt>
File: ./graphic/circle_0_4_peanut_1_profile-eps-converted-to.pdf Graphic file (
type pdf)
 <use ./graphic/circle_0_4_peanut_1_profile-eps-converted-to.pdf>
Package pdftex.def Info: ./graphic/circle_0_4_peanut_1_profile-eps-converted-to
.pdf used on input line 1200.
(pdftex.def)             Requested size: 142.84857pt x 107.522pt.
Package epstopdf Info: Source file: <./graphic/circle_0_4_peanut_1_3pi_1.eps>
(epstopdf)                    date: 2018-01-15 14:52:08
(epstopdf)                    size: 93894 bytes
(epstopdf)             Output file: <./graphic/circle_0_4_peanut_1_3pi_1-eps-co
nverted-to.pdf>
(epstopdf)                    date: 2018-01-15 14:52:08
(epstopdf)                    size: 27990 bytes
(epstopdf)             Command: <repstopdf --outfile=./graphic/circle_0_4_peanu
t_1_3pi_1-eps-converted-to.pdf ./graphic/circle_0_4_peanut_1_3pi_1.eps>
(epstopdf)             \includegraphics on input line 1201.
Package epstopdf Info: Output file is already uptodate.

<./graphic/circle_0_4_peanut_1_3pi_1-eps-converted-to.pdf, id=154, 418.56375pt 
x 314.17375pt>
File: ./graphic/circle_0_4_peanut_1_3pi_1-eps-converted-to.pdf Graphic file (ty
pe pdf)
 <use ./graphic/circle_0_4_peanut_1_3pi_1-eps-converted-to.pdf>
Package pdftex.def Info: ./graphic/circle_0_4_peanut_1_3pi_1-eps-converted-to.p
df used on input line 1201.
(pdftex.def)             Requested size: 142.85126pt x 107.22034pt.
Package epstopdf Info: Source file: <./graphic/circle_0_4_peanut_1_multi_1.eps>

(epstopdf)                    date: 2018-01-15 14:52:08
(epstopdf)                    size: 51713 bytes
(epstopdf)             Output file: <./graphic/circle_0_4_peanut_1_multi_1-eps-
converted-to.pdf>
(epstopdf)                    date: 2018-01-15 14:52:08
(epstopdf)                    size: 18225 bytes
(epstopdf)             Command: <repstopdf --outfile=./graphic/circle_0_4_peanu
t_1_multi_1-eps-converted-to.pdf ./graphic/circle_0_4_peanut_1_multi_1.eps>
(epstopdf)             \includegraphics on input line 1202.
Package epstopdf Info: Output file is already uptodate.

<./graphic/circle_0_4_peanut_1_multi_1-eps-converted-to.pdf, id=155, 418.56375p
t x 314.17375pt>
File: ./graphic/circle_0_4_peanut_1_multi_1-eps-converted-to.pdf Graphic file (
type pdf)

<use ./graphic/circle_0_4_peanut_1_multi_1-eps-converted-to.pdf>
Package pdftex.def Info: ./graphic/circle_0_4_peanut_1_multi_1-eps-converted-to
.pdf used on input line 1202.
(pdftex.def)             Requested size: 142.85126pt x 107.22034pt.
Package epstopdf Info: Source file: <./graphic/bi_circle_4pi_error2.eps>
(epstopdf)                    date: 2017-12-12 14:48:11
(epstopdf)                    size: 112501 bytes
(epstopdf)             Output file: <./graphic/bi_circle_4pi_error2-eps-convert
ed-to.pdf>
(epstopdf)                    date: 2017-12-12 14:48:11
(epstopdf)                    size: 39746 bytes
(epstopdf)             Command: <repstopdf --outfile=./graphic/bi_circle_4pi_er
ror2-eps-converted-to.pdf ./graphic/bi_circle_4pi_error2.eps>
(epstopdf)             \includegraphics on input line 1220.
Package epstopdf Info: Output file is already uptodate.

<./graphic/bi_circle_4pi_error2-eps-converted-to.pdf, id=156, 421.575pt x 317.1
85pt>
File: ./graphic/bi_circle_4pi_error2-eps-converted-to.pdf Graphic file (type pd
f)
 <use ./graphic/bi_circle_4pi_error2-eps-converted-to.pdf>
Package pdftex.def Info: ./graphic/bi_circle_4pi_error2-eps-converted-to.pdf us
ed on input line 1220.
(pdftex.def)             Requested size: 142.85126pt x 107.47847pt.
Package epstopdf Info: Source file: <./graphic/bi_circle_4pi_error4.eps>
(epstopdf)                    date: 2017-12-12 14:48:11
(epstopdf)                    size: 113428 bytes
(epstopdf)             Output file: <./graphic/bi_circle_4pi_error4-eps-convert
ed-to.pdf>
(epstopdf)                    date: 2017-12-12 14:48:11
(epstopdf)                    size: 40130 bytes
(epstopdf)             Command: <repstopdf --outfile=./graphic/bi_circle_4pi_er
ror4-eps-converted-to.pdf ./graphic/bi_circle_4pi_error4.eps>
(epstopdf)             \includegraphics on input line 1221.
Package epstopdf Info: Output file is already uptodate.

<./graphic/bi_circle_4pi_error4-eps-converted-to.pdf, id=157, 421.575pt x 317.1
85pt>
File: ./graphic/bi_circle_4pi_error4-eps-converted-to.pdf Graphic file (type pd
f)
 <use ./graphic/bi_circle_4pi_error4-eps-converted-to.pdf>
Package pdftex.def Info: ./graphic/bi_circle_4pi_error4-eps-converted-to.pdf us
ed on input line 1221.
(pdftex.def)             Requested size: 142.85126pt x 107.47847pt.
Package epstopdf Info: Source file: <./graphic/bi_circle_4pi_error6.eps>
(epstopdf)                    date: 2017-12-12 14:48:11
(epstopdf)                    size: 115601 bytes
(epstopdf)             Output file: <./graphic/bi_circle_4pi_error6-eps-convert
ed-to.pdf>
(epstopdf)                    date: 2017-12-12 14:48:11
(epstopdf)                    size: 42377 bytes
(epstopdf)             Command: <repstopdf --outfile=./graphic/bi_circle_4pi_er
ror6-eps-converted-to.pdf ./graphic/bi_circle_4pi_error6.eps>
(epstopdf)             \includegraphics on input line 1222.
Package epstopdf Info: Output file is already uptodate.

<./graphic/bi_circle_4pi_error6-eps-converted-to.pdf, id=158, 421.575pt x 317.1
85pt>
File: ./graphic/bi_circle_4pi_error6-eps-converted-to.pdf Graphic file (type pd
f)
 <use ./graphic/bi_circle_4pi_error6-eps-converted-to.pdf>
Package pdftex.def Info: ./graphic/bi_circle_4pi_error6-eps-converted-to.pdf us
ed on input line 1222.
(pdftex.def)             Requested size: 142.85126pt x 107.47847pt.
Package epstopdf Info: Source file: <./graphic/bi_circle_multi_2_8_error2.eps>
(epstopdf)                    date: 2017-12-12 14:48:11
(epstopdf)                    size: 86853 bytes
(epstopdf)             Output file: <./graphic/bi_circle_multi_2_8_error2-eps-c
onverted-to.pdf>
(epstopdf)                    date: 2017-12-12 14:48:11
(epstopdf)                    size: 30270 bytes
(epstopdf)             Command: <repstopdf --outfile=./graphic/bi_circle_multi_
2_8_error2-eps-converted-to.pdf ./graphic/bi_circle_multi_2_8_error2.eps>
(epstopdf)             \includegraphics on input line 1223.
Package epstopdf Info: Output file is already uptodate.

<./graphic/bi_circle_multi_2_8_error2-eps-converted-to.pdf, id=159, 421.575pt x
 317.185pt>
File: ./graphic/bi_circle_multi_2_8_error2-eps-converted-to.pdf Graphic file (t
ype pdf)
 <use ./graphic/bi_circle_multi_2_8_error2-eps-converted-to.pdf>
Package pdftex.def Info: ./graphic/bi_circle_multi_2_8_error2-eps-converted-to.
pdf used on input line 1223.
(pdftex.def)             Requested size: 142.85126pt x 107.47847pt.
Package epstopdf Info: Source file: <./graphic/bi_circle_multi_2_8_error4.eps>
(epstopdf)                    date: 2017-12-12 14:48:11
(epstopdf)                    size: 95828 bytes
(epstopdf)             Output file: <./graphic/bi_circle_multi_2_8_error4-eps-c
onverted-to.pdf>
(epstopdf)                    date: 2017-12-12 14:48:11
(epstopdf)                    size: 32025 bytes
(epstopdf)             Command: <repstopdf --outfile=./graphic/bi_circle_multi_
2_8_error4-eps-converted-to.pdf ./graphic/bi_circle_multi_2_8_error4.eps>
(epstopdf)             \includegraphics on input line 1224.
Package epstopdf Info: Output file is already uptodate.

<./graphic/bi_circle_multi_2_8_error4-eps-converted-to.pdf, id=160, 421.575pt x
 317.185pt>
File: ./graphic/bi_circle_multi_2_8_error4-eps-converted-to.pdf Graphic file (t
ype pdf)
 <use ./graphic/bi_circle_multi_2_8_error4-eps-converted-to.pdf>
Package pdftex.def Info: ./graphic/bi_circle_multi_2_8_error4-eps-converted-to.
pdf used on input line 1224.
(pdftex.def)             Requested size: 142.85126pt x 107.47847pt.
Package epstopdf Info: Source file: <./graphic/bi_circle_multi_2_8_error6.eps>
(epstopdf)                    date: 2017-12-12 14:48:11
(epstopdf)                    size: 102386 bytes
(epstopdf)             Output file: <./graphic/bi_circle_multi_2_8_error6-eps-c
onverted-to.pdf>
(epstopdf)                    date: 2017-12-12 14:48:11
(epstopdf)                    size: 33634 bytes
(epstopdf)             Command: <repstopdf --outfile=./graphic/bi_circle_multi_
2_8_error6-eps-converted-to.pdf ./graphic/bi_circle_multi_2_8_error6.eps>
(epstopdf)             \includegraphics on input line 1225.
Package epstopdf Info: Output file is already uptodate.

<./graphic/bi_circle_multi_2_8_error6-eps-converted-to.pdf, id=161, 421.575pt x
 317.185pt>
File: ./graphic/bi_circle_multi_2_8_error6-eps-converted-to.pdf Graphic file (t
ype pdf)
 <use ./graphic/bi_circle_multi_2_8_error6-eps-converted-to.pdf>
Package pdftex.def Info: ./graphic/bi_circle_multi_2_8_error6-eps-converted-to.
pdf used on input line 1225.
(pdftex.def)             Requested size: 142.85126pt x 107.47847pt.

[25 <./graphic/circle_3pi-eps-converted-to.pdf> <./graphic/circle_5pi-eps-conve
rted-to.pdf> <./graphic/circle-eps-converted-to.pdf> <./graphic/peanut_5pi-eps-
converted-to.pdf> <./graphic/peanut-eps-converted-to.pdf> <./graphic/p_leaf_3pi
-eps-converted-to.pdf> <./graphic/p_leaf_5pi-eps-converted-to.pdf> <./graphic/p
_leaf-eps-converted-to.pdf> <./graphic/rectangle_3pi-eps-converted-to.pdf> <./g
raphic/rectangle_5pi-eps-converted-to.pdf> <./graphic/rectangle-eps-converted-t
o.pdf>] [26 <./graphic/bi_circle_profile-eps-converted-to.pdf> <./graphic/bi_ci
rcle_3pi-eps-converted-to.pdf> <./graphic/bi_circle-eps-converted-to.pdf> <./gr
aphic/circle_0_4_peanut_1_profile-eps-converted-to.pdf> <./graphic/circle_0_4_p
eanut_1_3pi_1-eps-converted-to.pdf> <./graphic/circle_0_4_peanut_1_multi_1-eps-
converted-to.pdf> <./graphic/bi_circle_4pi_error2-eps-converted-to.pdf> <./grap
hic/bi_circle_4pi_error4-eps-converted-to.pdf> <./graphic/bi_circle_4pi_error6-
eps-converted-to.pdf> <./graphic/bi_circle_multi_2_8_error2-eps-converted-to.pd
f> <./graphic/bi_circle_multi_2_8_error4-eps-converted-to.pdf> <./graphic/bi_ci
rcle_multi_2_8_error6-eps-converted-to.pdf>]
Underfull \hbox (badness 10000) in paragraph at lines 1260--1263

 []


Underfull \hbox (badness 10000) in paragraph at lines 1268--1271

 []

[27] [28] [29]
Underfull \hbox (badness 10000) in paragraph at lines 1351--1354

 []


Overfull \hbox (19.80634pt too wide) in alignment at lines 1361--1363
 [] [] [] [] 
 []


LaTeX Warning: Reference `hyper_term' on page 30 undefined on input line 1380.


LaTeX Warning: Reference `r_estimate3' on page 30 undefined on input line 1380.



Underfull \hbox (badness 10000) in paragraph at lines 1383--1386

 []

[30] [31]
Underfull \hbox (badness 10000) in paragraph at lines 1447--1450

 []

(./RTM_half_elastic_v4.bbl
Missing character: There is no ¨ in font cmr10!

Underfull \hbox (badness 1810) in paragraph at lines 83--87
[]\OT1/cmr/m/n/10 Wookeen Chung, Sukjoon Pyun, Ho Seuk Bae, Changsoo Shin, and 
Kurt J Marfurt.
 []

Missing character: There is no ¨ in font cmr10!
[32]) [33] (./RTM_half_elastic_v4.aux)

LaTeX Warning: There were undefined references.


LaTeX Warning: There were multiply-defined labels.

 ) 
Here is how much of TeX's memory you used:
 2719 strings out of 493014
 38203 string characters out of 6133350
 102770 words of memory out of 5000000
 6178 multiletter control sequences out of 15000+600000
 16373 words of font info for 67 fonts, out of 8000000 for 9000
 1141 hyphenation exceptions out of 8191
 38i,14n,26p,739b,367s stack positions out of 5000i,500n,10000p,200000b,80000s
</usr/local/texlive/2016/texmf-dist/fonts/type1/public/amsfonts/cm/cmbx10.pfb
></usr/local/texlive/2016/texmf-dist/fonts/type1/public/amsfonts/cm/cmbx12.pfb>
</usr/local/texlive/2016/texmf-dist/fonts/type1/public/amsfonts/cm/cmbx8.pfb></
usr/local/texlive/2016/texmf-dist/fonts/type1/public/amsfonts/cm/cmcsc10.pfb></
usr/local/texlive/2016/texmf-dist/fonts/type1/public/amsfonts/cm/cmex10.pfb></u
sr/local/texlive/2016/texmf-dist/fonts/type1/public/amsfonts/cm/cmmi10.pfb></us
r/local/texlive/2016/texmf-dist/fonts/type1/public/amsfonts/cm/cmmi12.pfb></usr
/local/texlive/2016/texmf-dist/fonts/type1/public/amsfonts/cm/cmmi6.pfb></usr/l
ocal/texlive/2016/texmf-dist/fonts/type1/public/amsfonts/cm/cmmi7.pfb></usr/loc
al/texlive/2016/texmf-dist/fonts/type1/public/amsfonts/cm/cmmi8.pfb></usr/local
/texlive/2016/texmf-dist/fonts/type1/public/amsfonts/cm/cmr10.pfb></usr/local/t
exlive/2016/texmf-dist/fonts/type1/public/amsfonts/cm/cmr12.pfb></usr/local/tex
live/2016/texmf-dist/fonts/type1/public/amsfonts/cm/cmr6.pfb></usr/local/texliv
e/2016/texmf-dist/fonts/type1/public/amsfonts/cm/cmr8.pfb></usr/local/texlive/2
016/texmf-dist/fonts/type1/public/amsfonts/cm/cmsy10.pfb></usr/local/texlive/20
16/texmf-dist/fonts/type1/public/amsfonts/cm/cmsy6.pfb></usr/local/texlive/2016
/texmf-dist/fonts/type1/public/amsfonts/cm/cmsy8.pfb></usr/local/texlive/2016/t
exmf-dist/fonts/type1/public/amsfonts/cm/cmti10.pfb></usr/local/texlive/2016/te
xmf-dist/fonts/type1/public/amsfonts/cm/cmti12.pfb></usr/local/texlive/2016/tex
mf-dist/fonts/type1/public/amsfonts/cm/cmtt10.pfb></usr/local/texlive/2016/texm
f-dist/fonts/type1/public/amsfonts/latxfont/lasy10.pfb></usr/local/texlive/2016
/texmf-dist/fonts/type1/public/amsfonts/symbols/msbm10.pfb>
Output written on RTM_half_elastic_v4.pdf (33 pages, 953169 bytes).
PDF statistics:
 397 PDF objects out of 1000 (max. 8388607)
 280 compressed objects within 3 object streams
 0 named destinations out of 1000 (max. 500000)
 141 words of extra memory for PDF output out of 10000 (max. 10000000)

