This is XeTeX, Version 3.14159265-2.6-0.99999 (TeX Live 2018) (preloaded format=xelatex 2019.1.8)  13 MAR 2019 19:27
entering extended mode
 restricted \write18 enabled.
 %&-line parsing enabled.
**"Scattering Coefficient Elastic_last.tex"
(./Scattering Coefficient Elastic_last.tex
LaTeX2e <2018-04-01> patch level 2
Babel <3.18> and hyphenation patterns for 84 language(s) loaded.
(./iopart.cls
Document Class: iopart 1996/06/10 v0.0 IOP Journals LaTeX article class
(./iopart12.clo
File: iopart12.clo 1997/01/15 v1.0 LaTeX2e file (size option)
)
\c@jnl=\count80
\c@section=\count81
\c@subsection=\count82
\c@subsubsection=\count83
\c@paragraph=\count84
\c@subparagraph=\count85
\c@figure=\count86
\c@table=\count87
\abovecaptionskip=\skip41
\belowcaptionskip=\skip42
\indentedwidth=\skip43
\mathindent=\dimen102
\c@eqnval=\count88
)
! Undefined control sequence.
<recently read> \pdfoutput 
                           
l.2 \pdfoutput
              =1
The control sequence at the end of the top line
of your error message was never \def'ed. If you have
misspelled it (e.g., `\hobx'), type `I' and the correct
spelling (e.g., `I\hbox'). Otherwise just continue,
and I'll forget about whatever was undefined.


! LaTeX Error: Missing \begin{document}.

See the LaTeX manual or LaTeX Companion for explanation.
Type  H <return>  for immediate help.
 ...                                              
                                                  
l.2 \pdfoutput=
               1
You're in trouble here.  Try typing  <return>  to proceed.
If that doesn't work, type  X <return>  to quit.

(./iopams.sty
Package: iopams 1997/02/13 v1.0
 (/usr/local/texlive/2018/texmf-dist/tex/latex/amsmath/amsgen.sty
File: amsgen.sty 1999/11/30 v2.0 generic functions
\@emptytoks=\toks14
\ex@=\dimen103
) (/usr/local/texlive/2018/texmf-dist/tex/latex/amsfonts/amsfonts.sty
Package: amsfonts 2013/01/14 v3.01 Basic AMSFonts support
\symAMSa=\mathgroup4
\symAMSb=\mathgroup5
LaTeX Font Info:    Overwriting math alphabet `\mathfrak' in version `bold'
(Font)                  U/euf/m/n --> U/euf/b/n on input line 106.
)
(/usr/local/texlive/2018/texmf-dist/tex/latex/amsfonts/amssymb.sty
Package: amssymb 2013/01/14 v3.01 AMS font symbols
)
(/usr/local/texlive/2018/texmf-dist/tex/latex/amsmath/amsbsy.sty
Package: amsbsy 1999/11/29 v1.2d Bold Symbols
\pmbraise@=\dimen104
))
(/usr/local/texlive/2018/texmf-dist/tex/latex/graphics/epsfig.sty
Package: epsfig 2017/06/25 v1.7b (e)psfig emulation (SPQR)

(/usr/local/texlive/2018/texmf-dist/tex/latex/graphics/graphicx.sty
Package: graphicx 2017/06/01 v1.1a Enhanced LaTeX Graphics (DPC,SPQR)

(/usr/local/texlive/2018/texmf-dist/tex/latex/graphics/keyval.sty
Package: keyval 2014/10/28 v1.15 key=value parser (DPC)
\KV@toks@=\toks15
)
(/usr/local/texlive/2018/texmf-dist/tex/latex/graphics/graphics.sty
Package: graphics 2017/06/25 v1.2c Standard LaTeX Graphics (DPC,SPQR)

(/usr/local/texlive/2018/texmf-dist/tex/latex/graphics/trig.sty
Package: trig 2016/01/03 v1.10 sin cos tan (DPC)
)
(/usr/local/texlive/2018/texmf-dist/tex/latex/graphics-cfg/graphics.cfg
File: graphics.cfg 2016/06/04 v1.11 sample graphics configuration
)
Package graphics Info: Driver file: xetex.def on input line 99.

(/usr/local/texlive/2018/texmf-dist/tex/latex/graphics-def/xetex.def
File: xetex.def 2017/06/24 v5.0h Graphics/color driver for xetex
))
\Gin@req@height=\dimen105
\Gin@req@width=\dimen106
)
\epsfxsize=\dimen107
\epsfysize=\dimen108
)
(/usr/local/texlive/2018/texmf-dist/tex/latex/base/latexsym.sty
Package: latexsym 1998/08/17 v2.2e Standard LaTeX package (lasy symbols)
\symlasy=\mathgroup6
LaTeX Font Info:    Overwriting symbol font `lasy' in version `bold'
(Font)                  U/lasy/m/n --> U/lasy/b/n on input line 52.
)
(/usr/local/texlive/2018/texmf-dist/tex/latex/graphics/color.sty
Package: color 2016/07/10 v1.1e Standard LaTeX Color (DPC)

(/usr/local/texlive/2018/texmf-dist/tex/latex/graphics-cfg/color.cfg
File: color.cfg 2016/01/02 v1.6 sample color configuration
)
Package color Info: Driver file: xetex.def on input line 147.
)
(./Scattering Coefficient Elastic_last.aux)
\openout1 = `"Scattering Coefficient Elastic_last.aux"'.

LaTeX Font Info:    Checking defaults for OML/cmm/m/it on input line 16.
LaTeX Font Info:    ... okay on input line 16.
LaTeX Font Info:    Checking defaults for T1/cmr/m/n on input line 16.
LaTeX Font Info:    ... okay on input line 16.
LaTeX Font Info:    Checking defaults for OT1/cmr/m/n on input line 16.
LaTeX Font Info:    ... okay on input line 16.
LaTeX Font Info:    Checking defaults for OMS/cmsy/m/n on input line 16.
LaTeX Font Info:    ... okay on input line 16.
LaTeX Font Info:    Checking defaults for TU/lmr/m/n on input line 16.
LaTeX Font Info:    ... okay on input line 16.
LaTeX Font Info:    Checking defaults for OMX/cmex/m/n on input line 16.
LaTeX Font Info:    ... okay on input line 16.
LaTeX Font Info:    Checking defaults for U/cmr/m/n on input line 16.
LaTeX Font Info:    ... okay on input line 16.
 [1

]
\c@lem=\count89
\c@prop=\count90
\c@cor=\count91
\c@thm=\count92
\c@rem=\count93
\c@alg=\count94
\c@assum=\count95
\c@definition=\count96
\c@RomanNumber=\count97
LaTeX Font Info:    Try loading font information for U+msa on input line 163.

(/usr/local/texlive/2018/texmf-dist/tex/latex/amsfonts/umsa.fd
File: umsa.fd 2013/01/14 v3.01 AMS symbols A
)
LaTeX Font Info:    Try loading font information for U+msb on input line 163.

(/usr/local/texlive/2018/texmf-dist/tex/latex/amsfonts/umsb.fd
File: umsb.fd 2013/01/14 v3.01 AMS symbols B
)
LaTeX Font Info:    Try loading font information for U+lasy on input line 163.

(/usr/local/texlive/2018/texmf-dist/tex/latex/base/ulasy.fd
File: ulasy.fd 1998/08/17 v2.2e LaTeX symbol font definitions
) [2]
Underfull \hbox (badness 10000) in paragraph at lines 261--264

 []

[3] [4]
Overfull \hbox (0.12231pt too wide) in alignment at lines 333--336
 [] [] [] [] 
 []

File: ./figure_sc_elastic/circle.eps Graphic file (type eps)
<./figure_sc_elastic/circle.eps>
File: ./figure_sc_elastic/pear.eps Graphic file (type eps)
<./figure_sc_elastic/pear.eps>
File: ./figure_sc_elastic/sc_p1_circle_1.eps Graphic file (type eps)
<./figure_sc_elastic/sc_p1_circle_1.eps>
File: ./figure_sc_elastic/sc_p1_circle_2.eps Graphic file (type eps)
<./figure_sc_elastic/sc_p1_circle_2.eps>
File: ./figure_sc_elastic/sc_p1_circle_4.eps Graphic file (type eps)
<./figure_sc_elastic/sc_p1_circle_4.eps>
File: ./figure_sc_elastic/sc_p1_circle_8.eps Graphic file (type eps)
<./figure_sc_elastic/sc_p1_circle_8.eps>
File: ./figure_sc_elastic/sc_p2_circle_1.eps Graphic file (type eps)
<./figure_sc_elastic/sc_p2_circle_1.eps>
File: ./figure_sc_elastic/sc_p2_circle_2.eps Graphic file (type eps)
<./figure_sc_elastic/sc_p2_circle_2.eps>
File: ./figure_sc_elastic/sc_p2_circle_4.eps Graphic file (type eps)
<./figure_sc_elastic/sc_p2_circle_4.eps>
File: ./figure_sc_elastic/sc_p2_circle_8.eps Graphic file (type eps)
<./figure_sc_elastic/sc_p2_circle_8.eps>
File: ./figure_sc_elastic/sc_s1_circle_1.eps Graphic file (type eps)
<./figure_sc_elastic/sc_s1_circle_1.eps>
File: ./figure_sc_elastic/sc_s1_circle_2.eps Graphic file (type eps)
<./figure_sc_elastic/sc_s1_circle_2.eps>
File: ./figure_sc_elastic/sc_s1_circle_4.eps Graphic file (type eps)
<./figure_sc_elastic/sc_s1_circle_4.eps>
File: ./figure_sc_elastic/sc_s1_circle_8.eps Graphic file (type eps)
<./figure_sc_elastic/sc_s1_circle_8.eps>
File: ./figure_sc_elastic/sc_s2_circle_1.eps Graphic file (type eps)
<./figure_sc_elastic/sc_s2_circle_1.eps>
File: ./figure_sc_elastic/sc_s2_circle_2.eps Graphic file (type eps)
<./figure_sc_elastic/sc_s2_circle_2.eps>
File: ./figure_sc_elastic/sc_s2_circle_4.eps Graphic file (type eps)
<./figure_sc_elastic/sc_s2_circle_4.eps>
File: ./figure_sc_elastic/sc_s2_circle_8.eps Graphic file (type eps)
<./figure_sc_elastic/sc_s2_circle_8.eps>
File: ./figure_sc_elastic/sc_p1_pear_1.eps Graphic file (type eps)
<./figure_sc_elastic/sc_p1_pear_1.eps>
File: ./figure_sc_elastic/sc_p1_pear_2.eps Graphic file (type eps)
<./figure_sc_elastic/sc_p1_pear_2.eps>
File: ./figure_sc_elastic/sc_p1_pear_4.eps Graphic file (type eps)
<./figure_sc_elastic/sc_p1_pear_4.eps>
File: ./figure_sc_elastic/sc_p1_pear_8.eps Graphic file (type eps)
<./figure_sc_elastic/sc_p1_pear_8.eps>
File: ./figure_sc_elastic/sc_p2_pear_1.eps Graphic file (type eps)
<./figure_sc_elastic/sc_p2_pear_1.eps>
File: ./figure_sc_elastic/sc_p2_pear_2.eps Graphic file (type eps)
<./figure_sc_elastic/sc_p2_pear_2.eps>
File: ./figure_sc_elastic/sc_p2_pear_4.eps Graphic file (type eps)
<./figure_sc_elastic/sc_p2_pear_4.eps>
File: ./figure_sc_elastic/sc_p2_pear_8.eps Graphic file (type eps)
<./figure_sc_elastic/sc_p2_pear_8.eps>
File: ./figure_sc_elastic/sc_s1_pear_1.eps Graphic file (type eps)
<./figure_sc_elastic/sc_s1_pear_1.eps>
File: ./figure_sc_elastic/sc_s1_pear_2.eps Graphic file (type eps)
<./figure_sc_elastic/sc_s1_pear_2.eps>
File: ./figure_sc_elastic/sc_s1_pear_4.eps Graphic file (type eps)
<./figure_sc_elastic/sc_s1_pear_4.eps>
File: ./figure_sc_elastic/sc_s1_pear_8.eps Graphic file (type eps)
<./figure_sc_elastic/sc_s1_pear_8.eps>
File: ./figure_sc_elastic/sc_s2_pear_1.eps Graphic file (type eps)
<./figure_sc_elastic/sc_s2_pear_1.eps>
File: ./figure_sc_elastic/sc_s2_pear_2.eps Graphic file (type eps)
<./figure_sc_elastic/sc_s2_pear_2.eps>
File: ./figure_sc_elastic/sc_s2_pear_4.eps Graphic file (type eps)
<./figure_sc_elastic/sc_s2_pear_4.eps>
File: ./figure_sc_elastic/sc_s2_pear_8.eps Graphic file (type eps)
<./figure_sc_elastic/sc_s2_pear_8.eps>
[5]
Underfull \vbox (badness 10000) has occurred while \output is active []

 [6]
Underfull \vbox (badness 10000) has occurred while \output is active []

 [7]
Underfull \vbox (badness 10000) has occurred while \output is active []

 [8]
Underfull \vbox (badness 10000) has occurred while \output is active []

 [9]
Underfull \vbox (badness 10000) has occurred while \output is active []

 [10]
Underfull \vbox (badness 10000) has occurred while \output is active []

 [11]
Underfull \vbox (badness 10000) has occurred while \output is active []

 [12]
Underfull \vbox (badness 10000) has occurred while \output is active []

 [13]
(./Scattering Coefficient Elastic_last.aux) ) 
Here is how much of TeX's memory you used:
 1639 strings out of 492970
 20004 string characters out of 6133939
 90867 words of memory out of 5000000
 5598 multiletter control sequences out of 15000+600000
 14509 words of font info for 69 fonts, out of 8000000 for 9000
 1348 hyphenation exceptions out of 8191
 32i,12n,27p,443b,360s stack positions out of 5000i,500n,10000p,200000b,80000s

Output written on Scattering Coefficient Elastic_last.pdf (13 pages).
