This is pdfTeX, Version 3.14159265-2.6-1.40.17 (TeX Live 2016) (preloaded format=pdflatex 2016.11.30)  30 OCT 2018 17:20
entering extended mode
 restricted \write18 enabled.
 %&-line parsing enabled.
**RTM_half_elastic_v20.tex
(./RTM_half_elastic_v20.tex
LaTeX2e <2016/03/31>
Babel <3.9r> and hyphenation patterns for 83 language(s) loaded.
(./iopart.cls
Document Class: iopart 1996/06/10 v0.0 IOP Journals LaTeX article class
(./iopart12.clo
File: iopart12.clo 1997/01/15 v1.0 LaTeX2e file (size option)
)
\c@jnl=\count79
\c@section=\count80
\c@subsection=\count81
\c@subsubsection=\count82
\c@paragraph=\count83
\c@subparagraph=\count84
\c@figure=\count85
\c@table=\count86
\abovecaptionskip=\skip41
\belowcaptionskip=\skip42
\indentedwidth=\skip43
\mathindent=\dimen102
\c@eqnval=\count87
) (./iopams.sty
Package: iopams 1997/02/13 v1.0

(/usr/local/texlive/2016/texmf-dist/tex/latex/amsmath/amsgen.sty
File: amsgen.sty 1999/11/30 v2.0 generic functions
\@emptytoks=\toks14
\ex@=\dimen103
)
(/usr/local/texlive/2016/texmf-dist/tex/latex/amsfonts/amsfonts.sty
Package: amsfonts 2013/01/14 v3.01 Basic AMSFonts support
\symAMSa=\mathgroup4
\symAMSb=\mathgroup5
LaTeX Font Info:    Overwriting math alphabet `\mathfrak' in version `bold'
(Font)                  U/euf/m/n --> U/euf/b/n on input line 106.
)
(/usr/local/texlive/2016/texmf-dist/tex/latex/amsfonts/amssymb.sty
Package: amssymb 2013/01/14 v3.01 AMS font symbols
)
(/usr/local/texlive/2016/texmf-dist/tex/latex/amsmath/amsbsy.sty
Package: amsbsy 1999/11/29 v1.2d Bold Symbols
\pmbraise@=\dimen104
))
(/usr/local/texlive/2016/texmf-dist/tex/latex/base/latexsym.sty
Package: latexsym 1998/08/17 v2.2e Standard LaTeX package (lasy symbols)
\symlasy=\mathgroup6
LaTeX Font Info:    Overwriting symbol font `lasy' in version `bold'
(Font)                  U/lasy/m/n --> U/lasy/b/n on input line 52.
)
(/usr/local/texlive/2016/texmf-dist/tex/latex/graphics/graphicx.sty
Package: graphicx 2014/10/28 v1.0g Enhanced LaTeX Graphics (DPC,SPQR)

(/usr/local/texlive/2016/texmf-dist/tex/latex/graphics/keyval.sty
Package: keyval 2014/10/28 v1.15 key=value parser (DPC)
\KV@toks@=\toks15
)
(/usr/local/texlive/2016/texmf-dist/tex/latex/graphics/graphics.sty
Package: graphics 2016/05/09 v1.0r Standard LaTeX Graphics (DPC,SPQR)

(/usr/local/texlive/2016/texmf-dist/tex/latex/graphics/trig.sty
Package: trig 2016/01/03 v1.10 sin cos tan (DPC)
)
(/usr/local/texlive/2016/texmf-dist/tex/latex/graphics-cfg/graphics.cfg
File: graphics.cfg 2016/01/02 v1.10 sample graphics configuration
)
Package graphics Info: Driver file: pdftex.def on input line 96.

(/usr/local/texlive/2016/texmf-dist/tex/latex/pdftex-def/pdftex.def
File: pdftex.def 2011/05/27 v0.06d Graphics/color for pdfTeX

(/usr/local/texlive/2016/texmf-dist/tex/generic/oberdiek/infwarerr.sty
Package: infwarerr 2016/05/16 v1.4 Providing info/warning/error messages (HO)
)
(/usr/local/texlive/2016/texmf-dist/tex/generic/oberdiek/ltxcmds.sty
Package: ltxcmds 2016/05/16 v1.23 LaTeX kernel commands for general use (HO)
)
\Gread@gobject=\count88
))
\Gin@req@height=\dimen105
\Gin@req@width=\dimen106
)
(/usr/local/texlive/2016/texmf-dist/tex/latex/graphics/color.sty
Package: color 2016/05/09 v1.1c Standard LaTeX Color (DPC)

(/usr/local/texlive/2016/texmf-dist/tex/latex/graphics-cfg/color.cfg
File: color.cfg 2016/01/02 v1.6 sample color configuration
)
Package color Info: Driver file: pdftex.def on input line 144.
)
(./RTM_half_elastic_v20.aux)
\openout1 = `RTM_half_elastic_v20.aux'.

LaTeX Font Info:    Checking defaults for OML/cmm/m/it on input line 16.
LaTeX Font Info:    ... okay on input line 16.
LaTeX Font Info:    Checking defaults for T1/cmr/m/n on input line 16.
LaTeX Font Info:    ... okay on input line 16.
LaTeX Font Info:    Checking defaults for OT1/cmr/m/n on input line 16.
LaTeX Font Info:    ... okay on input line 16.
LaTeX Font Info:    Checking defaults for OMS/cmsy/m/n on input line 16.
LaTeX Font Info:    ... okay on input line 16.
LaTeX Font Info:    Checking defaults for OMX/cmex/m/n on input line 16.
LaTeX Font Info:    ... okay on input line 16.
LaTeX Font Info:    Checking defaults for U/cmr/m/n on input line 16.
LaTeX Font Info:    ... okay on input line 16.

(/usr/local/texlive/2016/texmf-dist/tex/context/base/mkii/supp-pdf.mkii
[Loading MPS to PDF converter (version 2006.09.02).]
\scratchcounter=\count89
\scratchdimen=\dimen107
\scratchbox=\box26
\nofMPsegments=\count90
\nofMParguments=\count91
\everyMPshowfont=\toks16
\MPscratchCnt=\count92
\MPscratchDim=\dimen108
\MPnumerator=\count93
\makeMPintoPDFobject=\count94
\everyMPtoPDFconversion=\toks17
) (/usr/local/texlive/2016/texmf-dist/tex/generic/oberdiek/pdftexcmds.sty
Package: pdftexcmds 2016/05/10 v0.21 Utility functions of pdfTeX for LuaTeX (HO
)

(/usr/local/texlive/2016/texmf-dist/tex/generic/oberdiek/ifluatex.sty
Package: ifluatex 2016/05/16 v1.4 Provides the ifluatex switch (HO)
Package ifluatex Info: LuaTeX not detected.
)
(/usr/local/texlive/2016/texmf-dist/tex/generic/oberdiek/ifpdf.sty
Package: ifpdf 2016/05/14 v3.1 Provides the ifpdf switch
)
Package pdftexcmds Info: LuaTeX not detected.
Package pdftexcmds Info: \pdf@primitive is available.
Package pdftexcmds Info: \pdf@ifprimitive is available.
Package pdftexcmds Info: \pdfdraftmode found.
)
(/usr/local/texlive/2016/texmf-dist/tex/latex/oberdiek/epstopdf-base.sty
Package: epstopdf-base 2016/05/15 v2.6 Base part for package epstopdf

(/usr/local/texlive/2016/texmf-dist/tex/latex/oberdiek/grfext.sty
Package: grfext 2016/05/16 v1.2 Manage graphics extensions (HO)

(/usr/local/texlive/2016/texmf-dist/tex/generic/oberdiek/kvdefinekeys.sty
Package: kvdefinekeys 2016/05/16 v1.4 Define keys (HO)
))
(/usr/local/texlive/2016/texmf-dist/tex/latex/oberdiek/kvoptions.sty
Package: kvoptions 2016/05/16 v3.12 Key value format for package options (HO)

(/usr/local/texlive/2016/texmf-dist/tex/generic/oberdiek/kvsetkeys.sty
Package: kvsetkeys 2016/05/16 v1.17 Key value parser (HO)

(/usr/local/texlive/2016/texmf-dist/tex/generic/oberdiek/etexcmds.sty
Package: etexcmds 2016/05/16 v1.6 Avoid name clashes with e-TeX commands (HO)
Package etexcmds Info: Could not find \expanded.
(etexcmds)             That can mean that you are not using pdfTeX 1.50 or
(etexcmds)             that some package has redefined \expanded.
(etexcmds)             In the latter case, load this package earlier.
)))
Package grfext Info: Graphics extension search list:
(grfext)             [.png,.pdf,.jpg,.mps,.jpeg,.jbig2,.jb2,.PNG,.PDF,.JPG,.JPE
G,.JBIG2,.JB2,.eps]
(grfext)             \AppendGraphicsExtensions on input line 456.

(/usr/local/texlive/2016/texmf-dist/tex/latex/latexconfig/epstopdf-sys.cfg
File: epstopdf-sys.cfg 2010/07/13 v1.3 Configuration of (r)epstopdf for TeX Liv
e
))
[1

{/usr/local/texlive/2016/texmf-var/fonts/map/pdftex/updmap/pdftex.map}]
\c@lem=\count95
\c@prop=\count96
\c@cor=\count97
\c@thm=\count98
\c@rem=\count99
\c@alg=\count100
\c@assum=\count101
\c@definition=\count102
\c@RomanNumber=\count103
LaTeX Font Info:    Try loading font information for U+msa on input line 183.

(/usr/local/texlive/2016/texmf-dist/tex/latex/amsfonts/umsa.fd
File: umsa.fd 2013/01/14 v3.01 AMS symbols A
)
LaTeX Font Info:    Try loading font information for U+msb on input line 183.

(/usr/local/texlive/2016/texmf-dist/tex/latex/amsfonts/umsb.fd
File: umsb.fd 2013/01/14 v3.01 AMS symbols B
)
LaTeX Font Info:    Try loading font information for U+lasy on input line 183.

(/usr/local/texlive/2016/texmf-dist/tex/latex/base/ulasy.fd
File: ulasy.fd 1998/08/17 v2.2e LaTeX symbol font definitions
)
Underfull \hbox (badness 1533) in paragraph at lines 197--201
[]\OT1/cmr/m/n/12 The equations (1.1[])-(1.2[]) must be complemented by appropr
iate boundary
 []

[2] [3] [4]
Underfull \hbox (badness 10000) in paragraph at lines 307--312

 []

[5] [6]
Overfull \hbox (7.09209pt too wide) in alignment at lines 396--398
 [] [] [] [] 
 []


Underfull \hbox (badness 10000) in paragraph at lines 403--406

 []


<./graphic/transformation4-eps-converted-to.pdf, id=38, 664.4825pt x 423.5825pt
>
File: ./graphic/transformation4-eps-converted-to.pdf Graphic file (type pdf)
 <use ./graphic/transformation4-eps-converted-to.pdf>
Package pdftex.def Info: ./graphic/transformation4-eps-converted-to.pdf used on
 input line 409.
(pdftex.def)             Requested size: 357.12196pt x 223.19852pt.
 [7] [8 <./graphic/transformation4-eps-converted-to.pdf>]
Underfull \hbox (badness 10000) in paragraph at lines 484--487

 []


Underfull \hbox (badness 10000) in paragraph at lines 504--507

 []

[9]
Overfull \hbox (2.09009pt too wide) in alignment at lines 510--513
 [] [] [] [] 
 []


Underfull \hbox (badness 10000) in paragraph at lines 520--523

 []


Overfull \hbox (5.74364pt too wide) in alignment at lines 541--543
 [] [] [] [] 
 []

[10]
Underfull \hbox (badness 10000) in paragraph at lines 561--564

 []

[11] [12] [13]
Underfull \hbox (badness 10000) in paragraph at lines 697--700

 []


Underfull \hbox (badness 10000) in paragraph at lines 710--713

 []


Underfull \hbox (badness 10000) in paragraph at lines 734--737

 []


Overfull \hbox (4.07668pt too wide) in alignment at lines 746--751
 [] [] [] [] 
 []

[14]
Underfull \hbox (badness 10000) in paragraph at lines 751--755

 []

[15]
Underfull \hbox (badness 10000) in paragraph at lines 812--815

 []


Overfull \hbox (1.20511pt too wide) in alignment at lines 826--831
 [] [] [] [] 
 []

[16]
Underfull \hbox (badness 10000) in paragraph at lines 843--846

 []


Underfull \hbox (badness 1005) in paragraph at lines 896--898
\OML/cmm/m/it/12 k[]^^V[][]\OT1/cmr/m/n/12 (\OML/cmm/m/it/12 k[] \OMS/cmsy/m/n/
12 ^^@ \OT1/cmr/m/n/12 4\OML/cmm/m/it/12 ^^X[]\OT1/cmr/m/n/12 )$. It is then cl
ear that $\OMS/cmsy/m/n/12 ^^@[] \OT1/cmr/m/n/12 ([][]) \OMS/cmsy/m/n/12 ^^U \O
T1/cmr/m/n/12 0$. This shows
 []

[17]
Underfull \hbox (badness 10000) in paragraph at lines 906--910

 []


Overfull \hbox (1.85262pt too wide) in alignment at lines 928--932
 [] [] [] [] 
 []


Underfull \hbox (badness 10000) in paragraph at lines 936--939

 []

[18] [19] [20] [21] [22]
Underfull \hbox (badness 10000) in paragraph at lines 1108--1111

 []

[23] [24] [25]
<./graphic/peanut_3pi-eps-converted-to.pdf, id=107, 418.56375pt x 314.17375pt>
File: ./graphic/peanut_3pi-eps-converted-to.pdf Graphic file (type pdf)

<use ./graphic/peanut_3pi-eps-converted-to.pdf>
Package pdftex.def Info: ./graphic/peanut_3pi-eps-converted-to.pdf used on inpu
t line 1234.
(pdftex.def)             Requested size: 107.13844pt x 80.41765pt.

<./graphic/peanut_3pi_neumann-eps-converted-to.pdf, id=108, 418.56375pt x 314.1
7375pt>
File: ./graphic/peanut_3pi_neumann-eps-converted-to.pdf Graphic file (type pdf)

 <use ./graphic/peanut_3pi_neumann-eps-converted-to.pdf>
Package pdftex.def Info: ./graphic/peanut_3pi_neumann-eps-converted-to.pdf used
 on input line 1235.
(pdftex.def)             Requested size: 107.13844pt x 80.41765pt.

<./graphic/peanut_3pi_impedance_1-eps-converted-to.pdf, id=109, 418.56375pt x 3
14.17375pt>
File: ./graphic/peanut_3pi_impedance_1-eps-converted-to.pdf Graphic file (type 
pdf)
 <use ./graphic/peanut_3pi_impedance_1-eps-converted-to.pdf>
Package pdftex.def Info: ./graphic/peanut_3pi_impedance_1-eps-converted-to.pdf 
used on input line 1236.
(pdftex.def)             Requested size: 107.13844pt x 80.41765pt.

<./graphic/peanut_3pi_transmission-eps-converted-to.pdf, id=110, 418.56375pt x 
314.17375pt>
File: ./graphic/peanut_3pi_transmission-eps-converted-to.pdf Graphic file (type
 pdf)
 <use ./graphic/peanut_3pi_transmission-eps-converted-to.pdf>
Package pdftex.def Info: ./graphic/peanut_3pi_transmission-eps-converted-to.pdf
 used on input line 1237.
(pdftex.def)             Requested size: 107.13844pt x 80.41765pt.

<./graphic/circle_3pi-eps-converted-to.pdf, id=111, 418.56375pt x 314.17375pt>
File: ./graphic/circle_3pi-eps-converted-to.pdf Graphic file (type pdf)

<use ./graphic/circle_3pi-eps-converted-to.pdf>
Package pdftex.def Info: ./graphic/circle_3pi-eps-converted-to.pdf used on inpu
t line 1252.
(pdftex.def)             Requested size: 142.85126pt x 107.22034pt.

<./graphic/circle_5pi-eps-converted-to.pdf, id=112, 418.56375pt x 314.17375pt>
File: ./graphic/circle_5pi-eps-converted-to.pdf Graphic file (type pdf)

<use ./graphic/circle_5pi-eps-converted-to.pdf>
Package pdftex.def Info: ./graphic/circle_5pi-eps-converted-to.pdf used on inpu
t line 1253.
(pdftex.def)             Requested size: 142.85126pt x 107.22034pt.

<./graphic/circle-eps-converted-to.pdf, id=113, 418.56375pt x 314.17375pt>
File: ./graphic/circle-eps-converted-to.pdf Graphic file (type pdf)

<use ./graphic/circle-eps-converted-to.pdf>
Package pdftex.def Info: ./graphic/circle-eps-converted-to.pdf used on input li
ne 1254.
(pdftex.def)             Requested size: 142.85126pt x 107.22034pt.
File: ./graphic/peanut_3pi-eps-converted-to.pdf Graphic file (type pdf)

<use ./graphic/peanut_3pi-eps-converted-to.pdf>
Package pdftex.def Info: ./graphic/peanut_3pi-eps-converted-to.pdf used on inpu
t line 1255.
(pdftex.def)             Requested size: 142.85126pt x 107.22034pt.

<./graphic/peanut_5pi-eps-converted-to.pdf, id=114, 418.56375pt x 314.17375pt>
File: ./graphic/peanut_5pi-eps-converted-to.pdf Graphic file (type pdf)

<use ./graphic/peanut_5pi-eps-converted-to.pdf>
Package pdftex.def Info: ./graphic/peanut_5pi-eps-converted-to.pdf used on inpu
t line 1256.
(pdftex.def)             Requested size: 142.85126pt x 107.22034pt.

<./graphic/peanut-eps-converted-to.pdf, id=115, 418.56375pt x 314.17375pt>
File: ./graphic/peanut-eps-converted-to.pdf Graphic file (type pdf)

<use ./graphic/peanut-eps-converted-to.pdf>
Package pdftex.def Info: ./graphic/peanut-eps-converted-to.pdf used on input li
ne 1257.
(pdftex.def)             Requested size: 142.85126pt x 107.22034pt.

<./graphic/p_leaf_3pi-eps-converted-to.pdf, id=116, 418.56375pt x 314.17375pt>
File: ./graphic/p_leaf_3pi-eps-converted-to.pdf Graphic file (type pdf)

<use ./graphic/p_leaf_3pi-eps-converted-to.pdf>
Package pdftex.def Info: ./graphic/p_leaf_3pi-eps-converted-to.pdf used on inpu
t line 1258.
(pdftex.def)             Requested size: 142.85126pt x 107.22034pt.

<./graphic/p_leaf_5pi-eps-converted-to.pdf, id=117, 418.56375pt x 314.17375pt>
File: ./graphic/p_leaf_5pi-eps-converted-to.pdf Graphic file (type pdf)

<use ./graphic/p_leaf_5pi-eps-converted-to.pdf>
Package pdftex.def Info: ./graphic/p_leaf_5pi-eps-converted-to.pdf used on inpu
t line 1259.
(pdftex.def)             Requested size: 142.85126pt x 107.22034pt.

<./graphic/p_leaf-eps-converted-to.pdf, id=118, 350.30875pt x 257.96375pt>
File: ./graphic/p_leaf-eps-converted-to.pdf Graphic file (type pdf)

<use ./graphic/p_leaf-eps-converted-to.pdf>
Package pdftex.def Info: ./graphic/p_leaf-eps-converted-to.pdf used on input li
ne 1260.
(pdftex.def)             Requested size: 142.85126pt x 105.19505pt.

<./graphic/rectangle_3pi-eps-converted-to.pdf, id=119, 418.56375pt x 314.17375p
t>
File: ./graphic/rectangle_3pi-eps-converted-to.pdf Graphic file (type pdf)
 <use ./graphic/rectangle_3pi-eps-converted-to.pdf>
Package pdftex.def Info: ./graphic/rectangle_3pi-eps-converted-to.pdf used on i
nput line 1261.
(pdftex.def)             Requested size: 142.85126pt x 107.22034pt.

<./graphic/rectangle_5pi-eps-converted-to.pdf, id=120, 418.56375pt x 314.17375p
t>
File: ./graphic/rectangle_5pi-eps-converted-to.pdf Graphic file (type pdf)
 <use ./graphic/rectangle_5pi-eps-converted-to.pdf>
Package pdftex.def Info: ./graphic/rectangle_5pi-eps-converted-to.pdf used on i
nput line 1262.
(pdftex.def)             Requested size: 142.85126pt x 107.22034pt.

<./graphic/rectangle-eps-converted-to.pdf, id=121, 418.56375pt x 314.17375pt>
File: ./graphic/rectangle-eps-converted-to.pdf Graphic file (type pdf)

<use ./graphic/rectangle-eps-converted-to.pdf>
Package pdftex.def Info: ./graphic/rectangle-eps-converted-to.pdf used on input
 line 1263.
(pdftex.def)             Requested size: 142.85126pt x 107.22034pt.

<./graphic/bi_circle_profile-eps-converted-to.pdf, id=122, 365.365pt x 218.8175
pt>
File: ./graphic/bi_circle_profile-eps-converted-to.pdf Graphic file (type pdf)
 <use ./graphic/bi_circle_profile-eps-converted-to.pdf>
Package pdftex.def Info: ./graphic/bi_circle_profile-eps-converted-to.pdf used 
on input line 1278.
(pdftex.def)             Requested size: 142.84857pt x 107.522pt.

<./graphic/bi_circle_3pi-eps-converted-to.pdf, id=123, 418.56375pt x 314.17375p
t>
File: ./graphic/bi_circle_3pi-eps-converted-to.pdf Graphic file (type pdf)
 <use ./graphic/bi_circle_3pi-eps-converted-to.pdf>
Package pdftex.def Info: ./graphic/bi_circle_3pi-eps-converted-to.pdf used on i
nput line 1279.
(pdftex.def)             Requested size: 142.85126pt x 107.22034pt.

<./graphic/bi_circle-eps-converted-to.pdf, id=124, 418.56375pt x 314.17375pt>
File: ./graphic/bi_circle-eps-converted-to.pdf Graphic file (type pdf)

<use ./graphic/bi_circle-eps-converted-to.pdf>
Package pdftex.def Info: ./graphic/bi_circle-eps-converted-to.pdf used on input
 line 1280.
(pdftex.def)             Requested size: 142.85126pt x 107.22034pt.

<./graphic/circle_0_4_peanut_1_profile-eps-converted-to.pdf, id=125, 365.365pt 
x 218.8175pt>
File: ./graphic/circle_0_4_peanut_1_profile-eps-converted-to.pdf Graphic file (
type pdf)
 <use ./graphic/circle_0_4_peanut_1_profile-eps-converted-to.pdf>
Package pdftex.def Info: ./graphic/circle_0_4_peanut_1_profile-eps-converted-to
.pdf used on input line 1288.
(pdftex.def)             Requested size: 142.84857pt x 107.522pt.

<./graphic/circle_0_4_peanut_1_3pi_1-eps-converted-to.pdf, id=126, 418.56375pt 
x 314.17375pt>
File: ./graphic/circle_0_4_peanut_1_3pi_1-eps-converted-to.pdf Graphic file (ty
pe pdf)
 <use ./graphic/circle_0_4_peanut_1_3pi_1-eps-converted-to.pdf>
Package pdftex.def Info: ./graphic/circle_0_4_peanut_1_3pi_1-eps-converted-to.p
df used on input line 1289.
(pdftex.def)             Requested size: 142.85126pt x 107.22034pt.

<./graphic/circle_0_4_peanut_1_multi_1-eps-converted-to.pdf, id=127, 418.56375p
t x 314.17375pt>
File: ./graphic/circle_0_4_peanut_1_multi_1-eps-converted-to.pdf Graphic file (
type pdf)

<use ./graphic/circle_0_4_peanut_1_multi_1-eps-converted-to.pdf>
Package pdftex.def Info: ./graphic/circle_0_4_peanut_1_multi_1-eps-converted-to
.pdf used on input line 1290.
(pdftex.def)             Requested size: 142.85126pt x 107.22034pt.

<./graphic/bi_circle_4pi_error2-eps-converted-to.pdf, id=128, 421.575pt x 317.1
85pt>
File: ./graphic/bi_circle_4pi_error2-eps-converted-to.pdf Graphic file (type pd
f)
 <use ./graphic/bi_circle_4pi_error2-eps-converted-to.pdf>
Package pdftex.def Info: ./graphic/bi_circle_4pi_error2-eps-converted-to.pdf us
ed on input line 1305.
(pdftex.def)             Requested size: 142.85126pt x 107.47847pt.

<./graphic/bi_circle_4pi_error4-eps-converted-to.pdf, id=129, 421.575pt x 317.1
85pt>
File: ./graphic/bi_circle_4pi_error4-eps-converted-to.pdf Graphic file (type pd
f)
 <use ./graphic/bi_circle_4pi_error4-eps-converted-to.pdf>
Package pdftex.def Info: ./graphic/bi_circle_4pi_error4-eps-converted-to.pdf us
ed on input line 1306.
(pdftex.def)             Requested size: 142.85126pt x 107.47847pt.

<./graphic/bi_circle_4pi_error6-eps-converted-to.pdf, id=130, 421.575pt x 317.1
85pt>
File: ./graphic/bi_circle_4pi_error6-eps-converted-to.pdf Graphic file (type pd
f)
 <use ./graphic/bi_circle_4pi_error6-eps-converted-to.pdf>
Package pdftex.def Info: ./graphic/bi_circle_4pi_error6-eps-converted-to.pdf us
ed on input line 1307.
(pdftex.def)             Requested size: 142.85126pt x 107.47847pt.

<./graphic/bi_circle_multi_2_8_error2-eps-converted-to.pdf, id=131, 421.575pt x
 317.185pt>
File: ./graphic/bi_circle_multi_2_8_error2-eps-converted-to.pdf Graphic file (t
ype pdf)
 <use ./graphic/bi_circle_multi_2_8_error2-eps-converted-to.pdf>
Package pdftex.def Info: ./graphic/bi_circle_multi_2_8_error2-eps-converted-to.
pdf used on input line 1308.
(pdftex.def)             Requested size: 142.85126pt x 107.47847pt.

<./graphic/bi_circle_multi_2_8_error4-eps-converted-to.pdf, id=132, 421.575pt x
 317.185pt>
File: ./graphic/bi_circle_multi_2_8_error4-eps-converted-to.pdf Graphic file (t
ype pdf)
 <use ./graphic/bi_circle_multi_2_8_error4-eps-converted-to.pdf>
Package pdftex.def Info: ./graphic/bi_circle_multi_2_8_error4-eps-converted-to.
pdf used on input line 1309.
(pdftex.def)             Requested size: 142.85126pt x 107.47847pt.

<./graphic/bi_circle_multi_2_8_error6-eps-converted-to.pdf, id=133, 421.575pt x
 317.185pt>
File: ./graphic/bi_circle_multi_2_8_error6-eps-converted-to.pdf Graphic file (t
ype pdf)
 <use ./graphic/bi_circle_multi_2_8_error6-eps-converted-to.pdf>
Package pdftex.def Info: ./graphic/bi_circle_multi_2_8_error6-eps-converted-to.
pdf used on input line 1310.
(pdftex.def)             Requested size: 142.85126pt x 107.47847pt.

[26 <./graphic/peanut_3pi-eps-converted-to.pdf> <./graphic/peanut_3pi_neumann-e
ps-converted-to.pdf> <./graphic/peanut_3pi_impedance_1-eps-converted-to.pdf> <.
/graphic/peanut_3pi_transmission-eps-converted-to.pdf>] [27 <./graphic/circle_3
pi-eps-converted-to.pdf> <./graphic/circle_5pi-eps-converted-to.pdf> <./graphic
/circle-eps-converted-to.pdf> <./graphic/peanut_5pi-eps-converted-to.pdf> <./gr
aphic/peanut-eps-converted-to.pdf> <./graphic/p_leaf_3pi-eps-converted-to.pdf> 
<./graphic/p_leaf_5pi-eps-converted-to.pdf> <./graphic/p_leaf-eps-converted-to.
pdf> <./graphic/rectangle_3pi-eps-converted-to.pdf> <./graphic/rectangle_5pi-ep
s-converted-to.pdf> <./graphic/rectangle-eps-converted-to.pdf> <./graphic/bi_ci
rcle_profile-eps-converted-to.pdf> <./graphic/bi_circle_3pi-eps-converted-to.pd
f> <./graphic/bi_circle-eps-converted-to.pdf>] [28 <./graphic/circle_0_4_peanut
_1_profile-eps-converted-to.pdf> <./graphic/circle_0_4_peanut_1_3pi_1-eps-conve
rted-to.pdf> <./graphic/circle_0_4_peanut_1_multi_1-eps-converted-to.pdf> <./gr
aphic/bi_circle_4pi_error2-eps-converted-to.pdf> <./graphic/bi_circle_4pi_error
4-eps-converted-to.pdf> <./graphic/bi_circle_4pi_error6-eps-converted-to.pdf> <
./graphic/bi_circle_multi_2_8_error2-eps-converted-to.pdf> <./graphic/bi_circle
_multi_2_8_error4-eps-converted-to.pdf> <./graphic/bi_circle_multi_2_8_error6-e
ps-converted-to.pdf>] [29]
Underfull \hbox (badness 10000) in paragraph at lines 1403--1406

 []

[30] [31] [32] (./RTM_half_elastic_v20.aux) )
(\end occurred inside a group at level 1)

### simple group (level 1) entered at line 1099 ({)
### bottom level 
Here is how much of TeX's memory you used:
 2610 strings out of 493014
 36961 string characters out of 6133350
 100462 words of memory out of 5000000
 6080 multiletter control sequences out of 15000+600000
 16037 words of font info for 65 fonts, out of 8000000 for 9000
 1141 hyphenation exceptions out of 8191
 38i,13n,26p,1471b,362s stack positions out of 5000i,500n,10000p,200000b,80000s
</usr/local/texlive/2016/texmf-dist/fonts/type1/public/amsfonts
/cm/cmbx10.pfb></usr/local/texlive/2016/texmf-dist/fonts/type1/public/amsfonts/
cm/cmbx12.pfb></usr/local/texlive/2016/texmf-dist/fonts/type1/public/amsfonts/c
m/cmbx8.pfb></usr/local/texlive/2016/texmf-dist/fonts/type1/public/amsfonts/cm/
cmcsc10.pfb></usr/local/texlive/2016/texmf-dist/fonts/type1/public/amsfonts/cm/
cmex10.pfb></usr/local/texlive/2016/texmf-dist/fonts/type1/public/amsfonts/cm/c
mmi10.pfb></usr/local/texlive/2016/texmf-dist/fonts/type1/public/amsfonts/cm/cm
mi12.pfb></usr/local/texlive/2016/texmf-dist/fonts/type1/public/amsfonts/cm/cmm
i6.pfb></usr/local/texlive/2016/texmf-dist/fonts/type1/public/amsfonts/cm/cmmi7
.pfb></usr/local/texlive/2016/texmf-dist/fonts/type1/public/amsfonts/cm/cmmi8.p
fb></usr/local/texlive/2016/texmf-dist/fonts/type1/public/amsfonts/cm/cmr10.pfb
></usr/local/texlive/2016/texmf-dist/fonts/type1/public/amsfonts/cm/cmr12.pfb><
/usr/local/texlive/2016/texmf-dist/fonts/type1/public/amsfonts/cm/cmr6.pfb></us
r/local/texlive/2016/texmf-dist/fonts/type1/public/amsfonts/cm/cmr8.pfb></usr/l
ocal/texlive/2016/texmf-dist/fonts/type1/public/amsfonts/cm/cmsy10.pfb></usr/lo
cal/texlive/2016/texmf-dist/fonts/type1/public/amsfonts/cm/cmsy6.pfb></usr/loca
l/texlive/2016/texmf-dist/fonts/type1/public/amsfonts/cm/cmsy7.pfb></usr/local/
texlive/2016/texmf-dist/fonts/type1/public/amsfonts/cm/cmsy8.pfb></usr/local/te
xlive/2016/texmf-dist/fonts/type1/public/amsfonts/cm/cmti10.pfb></usr/local/tex
live/2016/texmf-dist/fonts/type1/public/amsfonts/cm/cmti12.pfb></usr/local/texl
ive/2016/texmf-dist/fonts/type1/public/amsfonts/latxfont/lasy10.pfb></usr/local
/texlive/2016/texmf-dist/fonts/type1/public/amsfonts/symbols/msbm10.pfb>
Output written on RTM_half_elastic_v20.pdf (32 pages, 956259 bytes).
PDF statistics:
 458 PDF objects out of 1000 (max. 8388607)
 317 compressed objects within 4 object streams
 0 named destinations out of 1000 (max. 500000)
 141 words of extra memory for PDF output out of 10000 (max. 10000000)

